58, Night Safari, Family, page: 17, 2019-05-31 00:00:00, 2020-01-30 14:42:13.684311
Traceback (most recent call last):
  File "/home/ds/git/STB_social_media_analytics/tripadvisor/tripadvisor_crawler.py", line 189, in crawl_poi_by_trip_type
    self.crawl_reviews()
  File "/home/ds/git/STB_social_media_analytics/tripadvisor/tripadvisor_crawler.py", line 291, in crawl_reviews
    self.crawl_reviews_1_page(self.current_poi_index)
  File "/home/ds/git/STB_social_media_analytics/tripadvisor/tripadvisor_crawler.py", line 342, in crawl_reviews_1_page
    review_more_buttons[0].click()
  File "/home/ds/anaconda3/envs/crawl/lib/python3.7/site-packages/selenium/webdriver/remote/webelement.py", line 80, in click
    self._execute(Command.CLICK_ELEMENT)
  File "/home/ds/anaconda3/envs/crawl/lib/python3.7/site-packages/selenium/webdriver/remote/webelement.py", line 633, in _execute
    return self._parent.execute(command, params)
  File "/home/ds/anaconda3/envs/crawl/lib/python3.7/site-packages/selenium/webdriver/remote/webdriver.py", line 321, in execute
    self.error_handler.check_response(response)
  File "/home/ds/anaconda3/envs/crawl/lib/python3.7/site-packages/selenium/webdriver/remote/errorhandler.py", line 242, in check_response
    raise exception_class(message, screen, stacktrace)
selenium.common.exceptions.ElementClickInterceptedException: Message: element click intercepted: Element <span class="taLnk ulBlueLinks" onclick="widgetEvCall('handlers.clickExpand',event,this);">...</span> is not clickable at point (483, 903). Other element would receive the click: <p class="partial_entry">...</p>
  (Session info: chrome=79.0.3945.130)


58, Night Safari, Family, page: 17, 2019-05-31 00:00:00, 2020-01-30 14:42:27.298062
Traceback (most recent call last):
  File "/home/ds/git/STB_social_media_analytics/tripadvisor/tripadvisor_crawler.py", line 165, in crawl_poi_by_trip_type
    '//div[@data-tracker="{}"]'.format(self.current_trip_type))
  File "/home/ds/anaconda3/envs/crawl/lib/python3.7/site-packages/selenium/webdriver/remote/webdriver.py", line 394, in find_element_by_xpath
    return self.find_element(by=By.XPATH, value=xpath)
  File "/home/ds/anaconda3/envs/crawl/lib/python3.7/site-packages/selenium/webdriver/remote/webdriver.py", line 978, in find_element
    'value': value})['value']
  File "/home/ds/anaconda3/envs/crawl/lib/python3.7/site-packages/selenium/webdriver/remote/webdriver.py", line 321, in execute
    self.error_handler.check_response(response)
  File "/home/ds/anaconda3/envs/crawl/lib/python3.7/site-packages/selenium/webdriver/remote/errorhandler.py", line 242, in check_response
    raise exception_class(message, screen, stacktrace)
selenium.common.exceptions.NoSuchElementException: Message: no such element: Unable to locate element: {"method":"xpath","selector":"//div[@data-tracker="Family"]"}
  (Session info: chrome=79.0.3945.130)


60, ION Orchard, Family, page: None, None, 2020-01-30 16:07:31.867697
Traceback (most recent call last):
  File "/home/ds/git/STB_social_media_analytics/tripadvisor/tripadvisor_crawler.py", line 173, in crawl_poi_by_trip_type
    self.crawl_attributes()
  File "/home/ds/git/STB_social_media_analytics/tripadvisor/tripadvisor_crawler.py", line 253, in crawl_attributes
    '//div[@class="attractions-attraction-detail-about-card-AttractionDetailAboutCard__section--1_Efg"]')\
  File "/home/ds/anaconda3/envs/crawl/lib/python3.7/site-packages/selenium/webdriver/remote/webdriver.py", line 394, in find_element_by_xpath
    return self.find_element(by=By.XPATH, value=xpath)
  File "/home/ds/anaconda3/envs/crawl/lib/python3.7/site-packages/selenium/webdriver/remote/webdriver.py", line 978, in find_element
    'value': value})['value']
  File "/home/ds/anaconda3/envs/crawl/lib/python3.7/site-packages/selenium/webdriver/remote/webdriver.py", line 321, in execute
    self.error_handler.check_response(response)
  File "/home/ds/anaconda3/envs/crawl/lib/python3.7/site-packages/selenium/webdriver/remote/errorhandler.py", line 242, in check_response
    raise exception_class(message, screen, stacktrace)
selenium.common.exceptions.NoSuchElementException: Message: no such element: Unable to locate element: {"method":"xpath","selector":"//div[@class="attractions-attraction-detail-about-card-AttractionDetailAboutCard__section--1_Efg"]"}
  (Session info: chrome=79.0.3945.130)


60, ION Orchard, Family, page: None, None, 2020-01-30 16:07:48.893957
Traceback (most recent call last):
  File "/home/ds/git/STB_social_media_analytics/tripadvisor/tripadvisor_crawler.py", line 173, in crawl_poi_by_trip_type
    self.crawl_attributes()
  File "/home/ds/git/STB_social_media_analytics/tripadvisor/tripadvisor_crawler.py", line 253, in crawl_attributes
    '//div[@class="attractions-attraction-detail-about-card-AttractionDetailAboutCard__section--1_Efg"]')\
  File "/home/ds/anaconda3/envs/crawl/lib/python3.7/site-packages/selenium/webdriver/remote/webdriver.py", line 394, in find_element_by_xpath
    return self.find_element(by=By.XPATH, value=xpath)
  File "/home/ds/anaconda3/envs/crawl/lib/python3.7/site-packages/selenium/webdriver/remote/webdriver.py", line 978, in find_element
    'value': value})['value']
  File "/home/ds/anaconda3/envs/crawl/lib/python3.7/site-packages/selenium/webdriver/remote/webdriver.py", line 321, in execute
    self.error_handler.check_response(response)
  File "/home/ds/anaconda3/envs/crawl/lib/python3.7/site-packages/selenium/webdriver/remote/errorhandler.py", line 242, in check_response
    raise exception_class(message, screen, stacktrace)
selenium.common.exceptions.NoSuchElementException: Message: no such element: Unable to locate element: {"method":"xpath","selector":"//div[@class="attractions-attraction-detail-about-card-AttractionDetailAboutCard__section--1_Efg"]"}
  (Session info: chrome=79.0.3945.130)


60, ION Orchard, Family, page: None, None, 2020-01-30 16:08:06.583042
Traceback (most recent call last):
  File "/home/ds/git/STB_social_media_analytics/tripadvisor/tripadvisor_crawler.py", line 173, in crawl_poi_by_trip_type
    self.crawl_attributes()
  File "/home/ds/git/STB_social_media_analytics/tripadvisor/tripadvisor_crawler.py", line 253, in crawl_attributes
    '//div[@class="attractions-attraction-detail-about-card-AttractionDetailAboutCard__section--1_Efg"]')\
  File "/home/ds/anaconda3/envs/crawl/lib/python3.7/site-packages/selenium/webdriver/remote/webdriver.py", line 394, in find_element_by_xpath
    return self.find_element(by=By.XPATH, value=xpath)
  File "/home/ds/anaconda3/envs/crawl/lib/python3.7/site-packages/selenium/webdriver/remote/webdriver.py", line 978, in find_element
    'value': value})['value']
  File "/home/ds/anaconda3/envs/crawl/lib/python3.7/site-packages/selenium/webdriver/remote/webdriver.py", line 321, in execute
    self.error_handler.check_response(response)
  File "/home/ds/anaconda3/envs/crawl/lib/python3.7/site-packages/selenium/webdriver/remote/errorhandler.py", line 242, in check_response
    raise exception_class(message, screen, stacktrace)
selenium.common.exceptions.NoSuchElementException: Message: no such element: Unable to locate element: {"method":"xpath","selector":"//div[@class="attractions-attraction-detail-about-card-AttractionDetailAboutCard__section--1_Efg"]"}
  (Session info: chrome=79.0.3945.130)


60, ION Orchard, Family, page: None, None, 2020-01-30 16:08:23.701844
Traceback (most recent call last):
  File "/home/ds/git/STB_social_media_analytics/tripadvisor/tripadvisor_crawler.py", line 173, in crawl_poi_by_trip_type
    self.crawl_attributes()
  File "/home/ds/git/STB_social_media_analytics/tripadvisor/tripadvisor_crawler.py", line 253, in crawl_attributes
    '//div[@class="attractions-attraction-detail-about-card-AttractionDetailAboutCard__section--1_Efg"]')\
  File "/home/ds/anaconda3/envs/crawl/lib/python3.7/site-packages/selenium/webdriver/remote/webdriver.py", line 394, in find_element_by_xpath
    return self.find_element(by=By.XPATH, value=xpath)
  File "/home/ds/anaconda3/envs/crawl/lib/python3.7/site-packages/selenium/webdriver/remote/webdriver.py", line 978, in find_element
    'value': value})['value']
  File "/home/ds/anaconda3/envs/crawl/lib/python3.7/site-packages/selenium/webdriver/remote/webdriver.py", line 321, in execute
    self.error_handler.check_response(response)
  File "/home/ds/anaconda3/envs/crawl/lib/python3.7/site-packages/selenium/webdriver/remote/errorhandler.py", line 242, in check_response
    raise exception_class(message, screen, stacktrace)
selenium.common.exceptions.NoSuchElementException: Message: no such element: Unable to locate element: {"method":"xpath","selector":"//div[@class="attractions-attraction-detail-about-card-AttractionDetailAboutCard__section--1_Efg"]"}
  (Session info: chrome=79.0.3945.130)


60, ION Orchard, Family, page: None, None, 2020-01-30 16:08:41.672473
Traceback (most recent call last):
  File "/home/ds/git/STB_social_media_analytics/tripadvisor/tripadvisor_crawler.py", line 173, in crawl_poi_by_trip_type
    self.crawl_attributes()
  File "/home/ds/git/STB_social_media_analytics/tripadvisor/tripadvisor_crawler.py", line 253, in crawl_attributes
    '//div[@class="attractions-attraction-detail-about-card-AttractionDetailAboutCard__section--1_Efg"]')\
  File "/home/ds/anaconda3/envs/crawl/lib/python3.7/site-packages/selenium/webdriver/remote/webdriver.py", line 394, in find_element_by_xpath
    return self.find_element(by=By.XPATH, value=xpath)
  File "/home/ds/anaconda3/envs/crawl/lib/python3.7/site-packages/selenium/webdriver/remote/webdriver.py", line 978, in find_element
    'value': value})['value']
  File "/home/ds/anaconda3/envs/crawl/lib/python3.7/site-packages/selenium/webdriver/remote/webdriver.py", line 321, in execute
    self.error_handler.check_response(response)
  File "/home/ds/anaconda3/envs/crawl/lib/python3.7/site-packages/selenium/webdriver/remote/errorhandler.py", line 242, in check_response
    raise exception_class(message, screen, stacktrace)
selenium.common.exceptions.NoSuchElementException: Message: no such element: Unable to locate element: {"method":"xpath","selector":"//div[@class="attractions-attraction-detail-about-card-AttractionDetailAboutCard__section--1_Efg"]"}
  (Session info: chrome=79.0.3945.130)


60, ION Orchard, Family, page: None, None, 2020-01-30 16:08:55.563998
Traceback (most recent call last):
  File "/home/ds/git/STB_social_media_analytics/tripadvisor/tripadvisor_crawler.py", line 165, in crawl_poi_by_trip_type
    '//div[@data-tracker="{}"]'.format(self.current_trip_type))
  File "/home/ds/anaconda3/envs/crawl/lib/python3.7/site-packages/selenium/webdriver/remote/webdriver.py", line 394, in find_element_by_xpath
    return self.find_element(by=By.XPATH, value=xpath)
  File "/home/ds/anaconda3/envs/crawl/lib/python3.7/site-packages/selenium/webdriver/remote/webdriver.py", line 978, in find_element
    'value': value})['value']
  File "/home/ds/anaconda3/envs/crawl/lib/python3.7/site-packages/selenium/webdriver/remote/webdriver.py", line 321, in execute
    self.error_handler.check_response(response)
  File "/home/ds/anaconda3/envs/crawl/lib/python3.7/site-packages/selenium/webdriver/remote/errorhandler.py", line 242, in check_response
    raise exception_class(message, screen, stacktrace)
selenium.common.exceptions.NoSuchElementException: Message: no such element: Unable to locate element: {"method":"xpath","selector":"//div[@data-tracker="Family"]"}
  (Session info: chrome=79.0.3945.130)


60, ION Orchard, Family, page: None, None, 2020-01-30 16:09:13.663384
Traceback (most recent call last):
  File "/home/ds/git/STB_social_media_analytics/tripadvisor/tripadvisor_crawler.py", line 173, in crawl_poi_by_trip_type
    self.crawl_attributes()
  File "/home/ds/git/STB_social_media_analytics/tripadvisor/tripadvisor_crawler.py", line 253, in crawl_attributes
    '//div[@class="attractions-attraction-detail-about-card-AttractionDetailAboutCard__section--1_Efg"]')\
  File "/home/ds/anaconda3/envs/crawl/lib/python3.7/site-packages/selenium/webdriver/remote/webdriver.py", line 394, in find_element_by_xpath
    return self.find_element(by=By.XPATH, value=xpath)
  File "/home/ds/anaconda3/envs/crawl/lib/python3.7/site-packages/selenium/webdriver/remote/webdriver.py", line 978, in find_element
    'value': value})['value']
  File "/home/ds/anaconda3/envs/crawl/lib/python3.7/site-packages/selenium/webdriver/remote/webdriver.py", line 321, in execute
    self.error_handler.check_response(response)
  File "/home/ds/anaconda3/envs/crawl/lib/python3.7/site-packages/selenium/webdriver/remote/errorhandler.py", line 242, in check_response
    raise exception_class(message, screen, stacktrace)
selenium.common.exceptions.NoSuchElementException: Message: no such element: Unable to locate element: {"method":"xpath","selector":"//div[@class="attractions-attraction-detail-about-card-AttractionDetailAboutCard__section--1_Efg"]"}
  (Session info: chrome=79.0.3945.130)


60, ION Orchard, Family, page: None, None, 2020-01-30 16:09:31.588155
Traceback (most recent call last):
  File "/home/ds/git/STB_social_media_analytics/tripadvisor/tripadvisor_crawler.py", line 173, in crawl_poi_by_trip_type
    self.crawl_attributes()
  File "/home/ds/git/STB_social_media_analytics/tripadvisor/tripadvisor_crawler.py", line 253, in crawl_attributes
    '//div[@class="attractions-attraction-detail-about-card-AttractionDetailAboutCard__section--1_Efg"]')\
  File "/home/ds/anaconda3/envs/crawl/lib/python3.7/site-packages/selenium/webdriver/remote/webdriver.py", line 394, in find_element_by_xpath
    return self.find_element(by=By.XPATH, value=xpath)
  File "/home/ds/anaconda3/envs/crawl/lib/python3.7/site-packages/selenium/webdriver/remote/webdriver.py", line 978, in find_element
    'value': value})['value']
  File "/home/ds/anaconda3/envs/crawl/lib/python3.7/site-packages/selenium/webdriver/remote/webdriver.py", line 321, in execute
    self.error_handler.check_response(response)
  File "/home/ds/anaconda3/envs/crawl/lib/python3.7/site-packages/selenium/webdriver/remote/errorhandler.py", line 242, in check_response
    raise exception_class(message, screen, stacktrace)
selenium.common.exceptions.NoSuchElementException: Message: no such element: Unable to locate element: {"method":"xpath","selector":"//div[@class="attractions-attraction-detail-about-card-AttractionDetailAboutCard__section--1_Efg"]"}
  (Session info: chrome=79.0.3945.130)


60, ION Orchard, Family, page: None, None, 2020-01-30 16:09:46.068699
Traceback (most recent call last):
  File "/home/ds/git/STB_social_media_analytics/tripadvisor/tripadvisor_crawler.py", line 165, in crawl_poi_by_trip_type
    '//div[@data-tracker="{}"]'.format(self.current_trip_type))
  File "/home/ds/anaconda3/envs/crawl/lib/python3.7/site-packages/selenium/webdriver/remote/webdriver.py", line 394, in find_element_by_xpath
    return self.find_element(by=By.XPATH, value=xpath)
  File "/home/ds/anaconda3/envs/crawl/lib/python3.7/site-packages/selenium/webdriver/remote/webdriver.py", line 978, in find_element
    'value': value})['value']
  File "/home/ds/anaconda3/envs/crawl/lib/python3.7/site-packages/selenium/webdriver/remote/webdriver.py", line 321, in execute
    self.error_handler.check_response(response)
  File "/home/ds/anaconda3/envs/crawl/lib/python3.7/site-packages/selenium/webdriver/remote/errorhandler.py", line 242, in check_response
    raise exception_class(message, screen, stacktrace)
selenium.common.exceptions.NoSuchElementException: Message: no such element: Unable to locate element: {"method":"xpath","selector":"//div[@data-tracker="Family"]"}
  (Session info: chrome=79.0.3945.130)


60, ION Orchard, Family, page: None, None, 2020-01-30 16:09:59.576732
Traceback (most recent call last):
  File "/home/ds/git/STB_social_media_analytics/tripadvisor/tripadvisor_crawler.py", line 165, in crawl_poi_by_trip_type
    '//div[@data-tracker="{}"]'.format(self.current_trip_type))
  File "/home/ds/anaconda3/envs/crawl/lib/python3.7/site-packages/selenium/webdriver/remote/webdriver.py", line 394, in find_element_by_xpath
    return self.find_element(by=By.XPATH, value=xpath)
  File "/home/ds/anaconda3/envs/crawl/lib/python3.7/site-packages/selenium/webdriver/remote/webdriver.py", line 978, in find_element
    'value': value})['value']
  File "/home/ds/anaconda3/envs/crawl/lib/python3.7/site-packages/selenium/webdriver/remote/webdriver.py", line 321, in execute
    self.error_handler.check_response(response)
  File "/home/ds/anaconda3/envs/crawl/lib/python3.7/site-packages/selenium/webdriver/remote/errorhandler.py", line 242, in check_response
    raise exception_class(message, screen, stacktrace)
selenium.common.exceptions.NoSuchElementException: Message: no such element: Unable to locate element: {"method":"xpath","selector":"//div[@data-tracker="Family"]"}
  (Session info: chrome=79.0.3945.130)


60, ION Orchard, Family, page: None, None, 2020-01-30 16:10:17.590562
Traceback (most recent call last):
  File "/home/ds/git/STB_social_media_analytics/tripadvisor/tripadvisor_crawler.py", line 173, in crawl_poi_by_trip_type
    self.crawl_attributes()
  File "/home/ds/git/STB_social_media_analytics/tripadvisor/tripadvisor_crawler.py", line 253, in crawl_attributes
    '//div[@class="attractions-attraction-detail-about-card-AttractionDetailAboutCard__section--1_Efg"]')\
  File "/home/ds/anaconda3/envs/crawl/lib/python3.7/site-packages/selenium/webdriver/remote/webdriver.py", line 394, in find_element_by_xpath
    return self.find_element(by=By.XPATH, value=xpath)
  File "/home/ds/anaconda3/envs/crawl/lib/python3.7/site-packages/selenium/webdriver/remote/webdriver.py", line 978, in find_element
    'value': value})['value']
  File "/home/ds/anaconda3/envs/crawl/lib/python3.7/site-packages/selenium/webdriver/remote/webdriver.py", line 321, in execute
    self.error_handler.check_response(response)
  File "/home/ds/anaconda3/envs/crawl/lib/python3.7/site-packages/selenium/webdriver/remote/errorhandler.py", line 242, in check_response
    raise exception_class(message, screen, stacktrace)
selenium.common.exceptions.NoSuchElementException: Message: no such element: Unable to locate element: {"method":"xpath","selector":"//div[@class="attractions-attraction-detail-about-card-AttractionDetailAboutCard__section--1_Efg"]"}
  (Session info: chrome=79.0.3945.130)


60, ION Orchard, Family, page: None, None, 2020-01-30 16:10:35.706970
Traceback (most recent call last):
  File "/home/ds/git/STB_social_media_analytics/tripadvisor/tripadvisor_crawler.py", line 173, in crawl_poi_by_trip_type
    self.crawl_attributes()
  File "/home/ds/git/STB_social_media_analytics/tripadvisor/tripadvisor_crawler.py", line 253, in crawl_attributes
    '//div[@class="attractions-attraction-detail-about-card-AttractionDetailAboutCard__section--1_Efg"]')\
  File "/home/ds/anaconda3/envs/crawl/lib/python3.7/site-packages/selenium/webdriver/remote/webdriver.py", line 394, in find_element_by_xpath
    return self.find_element(by=By.XPATH, value=xpath)
  File "/home/ds/anaconda3/envs/crawl/lib/python3.7/site-packages/selenium/webdriver/remote/webdriver.py", line 978, in find_element
    'value': value})['value']
  File "/home/ds/anaconda3/envs/crawl/lib/python3.7/site-packages/selenium/webdriver/remote/webdriver.py", line 321, in execute
    self.error_handler.check_response(response)
  File "/home/ds/anaconda3/envs/crawl/lib/python3.7/site-packages/selenium/webdriver/remote/errorhandler.py", line 242, in check_response
    raise exception_class(message, screen, stacktrace)
selenium.common.exceptions.NoSuchElementException: Message: no such element: Unable to locate element: {"method":"xpath","selector":"//div[@class="attractions-attraction-detail-about-card-AttractionDetailAboutCard__section--1_Efg"]"}
  (Session info: chrome=79.0.3945.130)


60, ION Orchard, Family, page: None, None, 2020-01-30 16:10:54.696648
Traceback (most recent call last):
  File "/home/ds/git/STB_social_media_analytics/tripadvisor/tripadvisor_crawler.py", line 173, in crawl_poi_by_trip_type
    self.crawl_attributes()
  File "/home/ds/git/STB_social_media_analytics/tripadvisor/tripadvisor_crawler.py", line 253, in crawl_attributes
    '//div[@class="attractions-attraction-detail-about-card-AttractionDetailAboutCard__section--1_Efg"]')\
  File "/home/ds/anaconda3/envs/crawl/lib/python3.7/site-packages/selenium/webdriver/remote/webdriver.py", line 394, in find_element_by_xpath
    return self.find_element(by=By.XPATH, value=xpath)
  File "/home/ds/anaconda3/envs/crawl/lib/python3.7/site-packages/selenium/webdriver/remote/webdriver.py", line 978, in find_element
    'value': value})['value']
  File "/home/ds/anaconda3/envs/crawl/lib/python3.7/site-packages/selenium/webdriver/remote/webdriver.py", line 321, in execute
    self.error_handler.check_response(response)
  File "/home/ds/anaconda3/envs/crawl/lib/python3.7/site-packages/selenium/webdriver/remote/errorhandler.py", line 242, in check_response
    raise exception_class(message, screen, stacktrace)
selenium.common.exceptions.NoSuchElementException: Message: no such element: Unable to locate element: {"method":"xpath","selector":"//div[@class="attractions-attraction-detail-about-card-AttractionDetailAboutCard__section--1_Efg"]"}
  (Session info: chrome=79.0.3945.130)


60, ION Orchard, Family, page: None, None, 2020-01-30 16:11:12.495757
Traceback (most recent call last):
  File "/home/ds/git/STB_social_media_analytics/tripadvisor/tripadvisor_crawler.py", line 173, in crawl_poi_by_trip_type
    self.crawl_attributes()
  File "/home/ds/git/STB_social_media_analytics/tripadvisor/tripadvisor_crawler.py", line 253, in crawl_attributes
    '//div[@class="attractions-attraction-detail-about-card-AttractionDetailAboutCard__section--1_Efg"]')\
  File "/home/ds/anaconda3/envs/crawl/lib/python3.7/site-packages/selenium/webdriver/remote/webdriver.py", line 394, in find_element_by_xpath
    return self.find_element(by=By.XPATH, value=xpath)
  File "/home/ds/anaconda3/envs/crawl/lib/python3.7/site-packages/selenium/webdriver/remote/webdriver.py", line 978, in find_element
    'value': value})['value']
  File "/home/ds/anaconda3/envs/crawl/lib/python3.7/site-packages/selenium/webdriver/remote/webdriver.py", line 321, in execute
    self.error_handler.check_response(response)
  File "/home/ds/anaconda3/envs/crawl/lib/python3.7/site-packages/selenium/webdriver/remote/errorhandler.py", line 242, in check_response
    raise exception_class(message, screen, stacktrace)
selenium.common.exceptions.NoSuchElementException: Message: no such element: Unable to locate element: {"method":"xpath","selector":"//div[@class="attractions-attraction-detail-about-card-AttractionDetailAboutCard__section--1_Efg"]"}
  (Session info: chrome=79.0.3945.130)


60, ION Orchard, Family, page: None, None, 2020-01-30 16:11:25.988992
Traceback (most recent call last):
  File "/home/ds/git/STB_social_media_analytics/tripadvisor/tripadvisor_crawler.py", line 165, in crawl_poi_by_trip_type
    '//div[@data-tracker="{}"]'.format(self.current_trip_type))
  File "/home/ds/anaconda3/envs/crawl/lib/python3.7/site-packages/selenium/webdriver/remote/webdriver.py", line 394, in find_element_by_xpath
    return self.find_element(by=By.XPATH, value=xpath)
  File "/home/ds/anaconda3/envs/crawl/lib/python3.7/site-packages/selenium/webdriver/remote/webdriver.py", line 978, in find_element
    'value': value})['value']
  File "/home/ds/anaconda3/envs/crawl/lib/python3.7/site-packages/selenium/webdriver/remote/webdriver.py", line 321, in execute
    self.error_handler.check_response(response)
  File "/home/ds/anaconda3/envs/crawl/lib/python3.7/site-packages/selenium/webdriver/remote/errorhandler.py", line 242, in check_response
    raise exception_class(message, screen, stacktrace)
selenium.common.exceptions.NoSuchElementException: Message: no such element: Unable to locate element: {"method":"xpath","selector":"//div[@data-tracker="Family"]"}
  (Session info: chrome=79.0.3945.130)


60, ION Orchard, Family, page: None, None, 2020-01-30 16:11:39.372836
Traceback (most recent call last):
  File "/home/ds/git/STB_social_media_analytics/tripadvisor/tripadvisor_crawler.py", line 165, in crawl_poi_by_trip_type
    '//div[@data-tracker="{}"]'.format(self.current_trip_type))
  File "/home/ds/anaconda3/envs/crawl/lib/python3.7/site-packages/selenium/webdriver/remote/webdriver.py", line 394, in find_element_by_xpath
    return self.find_element(by=By.XPATH, value=xpath)
  File "/home/ds/anaconda3/envs/crawl/lib/python3.7/site-packages/selenium/webdriver/remote/webdriver.py", line 978, in find_element
    'value': value})['value']
  File "/home/ds/anaconda3/envs/crawl/lib/python3.7/site-packages/selenium/webdriver/remote/webdriver.py", line 321, in execute
    self.error_handler.check_response(response)
  File "/home/ds/anaconda3/envs/crawl/lib/python3.7/site-packages/selenium/webdriver/remote/errorhandler.py", line 242, in check_response
    raise exception_class(message, screen, stacktrace)
selenium.common.exceptions.NoSuchElementException: Message: no such element: Unable to locate element: {"method":"xpath","selector":"//div[@data-tracker="Family"]"}
  (Session info: chrome=79.0.3945.130)


60, ION Orchard, Family, page: None, None, 2020-01-30 16:11:57.401672
Traceback (most recent call last):
  File "/home/ds/git/STB_social_media_analytics/tripadvisor/tripadvisor_crawler.py", line 173, in crawl_poi_by_trip_type
    self.crawl_attributes()
  File "/home/ds/git/STB_social_media_analytics/tripadvisor/tripadvisor_crawler.py", line 253, in crawl_attributes
    '//div[@class="attractions-attraction-detail-about-card-AttractionDetailAboutCard__section--1_Efg"]')\
  File "/home/ds/anaconda3/envs/crawl/lib/python3.7/site-packages/selenium/webdriver/remote/webdriver.py", line 394, in find_element_by_xpath
    return self.find_element(by=By.XPATH, value=xpath)
  File "/home/ds/anaconda3/envs/crawl/lib/python3.7/site-packages/selenium/webdriver/remote/webdriver.py", line 978, in find_element
    'value': value})['value']
  File "/home/ds/anaconda3/envs/crawl/lib/python3.7/site-packages/selenium/webdriver/remote/webdriver.py", line 321, in execute
    self.error_handler.check_response(response)
  File "/home/ds/anaconda3/envs/crawl/lib/python3.7/site-packages/selenium/webdriver/remote/errorhandler.py", line 242, in check_response
    raise exception_class(message, screen, stacktrace)
selenium.common.exceptions.NoSuchElementException: Message: no such element: Unable to locate element: {"method":"xpath","selector":"//div[@class="attractions-attraction-detail-about-card-AttractionDetailAboutCard__section--1_Efg"]"}
  (Session info: chrome=79.0.3945.130)


60, ION Orchard, Family, page: None, None, 2020-01-30 16:12:16.616212
Traceback (most recent call last):
  File "/home/ds/git/STB_social_media_analytics/tripadvisor/tripadvisor_crawler.py", line 173, in crawl_poi_by_trip_type
    self.crawl_attributes()
  File "/home/ds/git/STB_social_media_analytics/tripadvisor/tripadvisor_crawler.py", line 253, in crawl_attributes
    '//div[@class="attractions-attraction-detail-about-card-AttractionDetailAboutCard__section--1_Efg"]')\
  File "/home/ds/anaconda3/envs/crawl/lib/python3.7/site-packages/selenium/webdriver/remote/webdriver.py", line 394, in find_element_by_xpath
    return self.find_element(by=By.XPATH, value=xpath)
  File "/home/ds/anaconda3/envs/crawl/lib/python3.7/site-packages/selenium/webdriver/remote/webdriver.py", line 978, in find_element
    'value': value})['value']
  File "/home/ds/anaconda3/envs/crawl/lib/python3.7/site-packages/selenium/webdriver/remote/webdriver.py", line 321, in execute
    self.error_handler.check_response(response)
  File "/home/ds/anaconda3/envs/crawl/lib/python3.7/site-packages/selenium/webdriver/remote/errorhandler.py", line 242, in check_response
    raise exception_class(message, screen, stacktrace)
selenium.common.exceptions.NoSuchElementException: Message: no such element: Unable to locate element: {"method":"xpath","selector":"//div[@class="attractions-attraction-detail-about-card-AttractionDetailAboutCard__section--1_Efg"]"}
  (Session info: chrome=79.0.3945.130)


60, ION Orchard, Family, page: None, None, 2020-01-30 16:12:36.000957
Traceback (most recent call last):
  File "/home/ds/git/STB_social_media_analytics/tripadvisor/tripadvisor_crawler.py", line 173, in crawl_poi_by_trip_type
    self.crawl_attributes()
  File "/home/ds/git/STB_social_media_analytics/tripadvisor/tripadvisor_crawler.py", line 253, in crawl_attributes
    '//div[@class="attractions-attraction-detail-about-card-AttractionDetailAboutCard__section--1_Efg"]')\
  File "/home/ds/anaconda3/envs/crawl/lib/python3.7/site-packages/selenium/webdriver/remote/webdriver.py", line 394, in find_element_by_xpath
    return self.find_element(by=By.XPATH, value=xpath)
  File "/home/ds/anaconda3/envs/crawl/lib/python3.7/site-packages/selenium/webdriver/remote/webdriver.py", line 978, in find_element
    'value': value})['value']
  File "/home/ds/anaconda3/envs/crawl/lib/python3.7/site-packages/selenium/webdriver/remote/webdriver.py", line 321, in execute
    self.error_handler.check_response(response)
  File "/home/ds/anaconda3/envs/crawl/lib/python3.7/site-packages/selenium/webdriver/remote/errorhandler.py", line 242, in check_response
    raise exception_class(message, screen, stacktrace)
selenium.common.exceptions.NoSuchElementException: Message: no such element: Unable to locate element: {"method":"xpath","selector":"//div[@class="attractions-attraction-detail-about-card-AttractionDetailAboutCard__section--1_Efg"]"}
  (Session info: chrome=79.0.3945.130)


60, ION Orchard, Family, page: None, None, 2020-01-30 16:12:54.731773
Traceback (most recent call last):
  File "/home/ds/git/STB_social_media_analytics/tripadvisor/tripadvisor_crawler.py", line 173, in crawl_poi_by_trip_type
    self.crawl_attributes()
  File "/home/ds/git/STB_social_media_analytics/tripadvisor/tripadvisor_crawler.py", line 253, in crawl_attributes
    '//div[@class="attractions-attraction-detail-about-card-AttractionDetailAboutCard__section--1_Efg"]')\
  File "/home/ds/anaconda3/envs/crawl/lib/python3.7/site-packages/selenium/webdriver/remote/webdriver.py", line 394, in find_element_by_xpath
    return self.find_element(by=By.XPATH, value=xpath)
  File "/home/ds/anaconda3/envs/crawl/lib/python3.7/site-packages/selenium/webdriver/remote/webdriver.py", line 978, in find_element
    'value': value})['value']
  File "/home/ds/anaconda3/envs/crawl/lib/python3.7/site-packages/selenium/webdriver/remote/webdriver.py", line 321, in execute
    self.error_handler.check_response(response)
  File "/home/ds/anaconda3/envs/crawl/lib/python3.7/site-packages/selenium/webdriver/remote/errorhandler.py", line 242, in check_response
    raise exception_class(message, screen, stacktrace)
selenium.common.exceptions.NoSuchElementException: Message: no such element: Unable to locate element: {"method":"xpath","selector":"//div[@class="attractions-attraction-detail-about-card-AttractionDetailAboutCard__section--1_Efg"]"}
  (Session info: chrome=79.0.3945.130)


60, ION Orchard, Family, page: None, None, 2020-01-30 16:13:09.076529
Traceback (most recent call last):
  File "/home/ds/git/STB_social_media_analytics/tripadvisor/tripadvisor_crawler.py", line 165, in crawl_poi_by_trip_type
    '//div[@data-tracker="{}"]'.format(self.current_trip_type))
  File "/home/ds/anaconda3/envs/crawl/lib/python3.7/site-packages/selenium/webdriver/remote/webdriver.py", line 394, in find_element_by_xpath
    return self.find_element(by=By.XPATH, value=xpath)
  File "/home/ds/anaconda3/envs/crawl/lib/python3.7/site-packages/selenium/webdriver/remote/webdriver.py", line 978, in find_element
    'value': value})['value']
  File "/home/ds/anaconda3/envs/crawl/lib/python3.7/site-packages/selenium/webdriver/remote/webdriver.py", line 321, in execute
    self.error_handler.check_response(response)
  File "/home/ds/anaconda3/envs/crawl/lib/python3.7/site-packages/selenium/webdriver/remote/errorhandler.py", line 242, in check_response
    raise exception_class(message, screen, stacktrace)
selenium.common.exceptions.NoSuchElementException: Message: no such element: Unable to locate element: {"method":"xpath","selector":"//div[@data-tracker="Family"]"}
  (Session info: chrome=79.0.3945.130)


60, ION Orchard, Family, page: None, None, 2020-01-30 16:13:22.583264
Traceback (most recent call last):
  File "/home/ds/git/STB_social_media_analytics/tripadvisor/tripadvisor_crawler.py", line 165, in crawl_poi_by_trip_type
    '//div[@data-tracker="{}"]'.format(self.current_trip_type))
  File "/home/ds/anaconda3/envs/crawl/lib/python3.7/site-packages/selenium/webdriver/remote/webdriver.py", line 394, in find_element_by_xpath
    return self.find_element(by=By.XPATH, value=xpath)
  File "/home/ds/anaconda3/envs/crawl/lib/python3.7/site-packages/selenium/webdriver/remote/webdriver.py", line 978, in find_element
    'value': value})['value']
  File "/home/ds/anaconda3/envs/crawl/lib/python3.7/site-packages/selenium/webdriver/remote/webdriver.py", line 321, in execute
    self.error_handler.check_response(response)
  File "/home/ds/anaconda3/envs/crawl/lib/python3.7/site-packages/selenium/webdriver/remote/errorhandler.py", line 242, in check_response
    raise exception_class(message, screen, stacktrace)
selenium.common.exceptions.NoSuchElementException: Message: no such element: Unable to locate element: {"method":"xpath","selector":"//div[@data-tracker="Family"]"}
  (Session info: chrome=79.0.3945.130)


60, ION Orchard, Family, page: None, None, 2020-01-30 16:13:42.800412
Traceback (most recent call last):
  File "/home/ds/git/STB_social_media_analytics/tripadvisor/tripadvisor_crawler.py", line 173, in crawl_poi_by_trip_type
    self.crawl_attributes()
  File "/home/ds/git/STB_social_media_analytics/tripadvisor/tripadvisor_crawler.py", line 253, in crawl_attributes
    '//div[@class="attractions-attraction-detail-about-card-AttractionDetailAboutCard__section--1_Efg"]')\
  File "/home/ds/anaconda3/envs/crawl/lib/python3.7/site-packages/selenium/webdriver/remote/webdriver.py", line 394, in find_element_by_xpath
    return self.find_element(by=By.XPATH, value=xpath)
  File "/home/ds/anaconda3/envs/crawl/lib/python3.7/site-packages/selenium/webdriver/remote/webdriver.py", line 978, in find_element
    'value': value})['value']
  File "/home/ds/anaconda3/envs/crawl/lib/python3.7/site-packages/selenium/webdriver/remote/webdriver.py", line 321, in execute
    self.error_handler.check_response(response)
  File "/home/ds/anaconda3/envs/crawl/lib/python3.7/site-packages/selenium/webdriver/remote/errorhandler.py", line 242, in check_response
    raise exception_class(message, screen, stacktrace)
selenium.common.exceptions.NoSuchElementException: Message: no such element: Unable to locate element: {"method":"xpath","selector":"//div[@class="attractions-attraction-detail-about-card-AttractionDetailAboutCard__section--1_Efg"]"}
  (Session info: chrome=79.0.3945.130)


60, ION Orchard, Family, page: None, None, 2020-01-30 16:13:57.292275
Traceback (most recent call last):
  File "/home/ds/git/STB_social_media_analytics/tripadvisor/tripadvisor_crawler.py", line 165, in crawl_poi_by_trip_type
    '//div[@data-tracker="{}"]'.format(self.current_trip_type))
  File "/home/ds/anaconda3/envs/crawl/lib/python3.7/site-packages/selenium/webdriver/remote/webdriver.py", line 394, in find_element_by_xpath
    return self.find_element(by=By.XPATH, value=xpath)
  File "/home/ds/anaconda3/envs/crawl/lib/python3.7/site-packages/selenium/webdriver/remote/webdriver.py", line 978, in find_element
    'value': value})['value']
  File "/home/ds/anaconda3/envs/crawl/lib/python3.7/site-packages/selenium/webdriver/remote/webdriver.py", line 321, in execute
    self.error_handler.check_response(response)
  File "/home/ds/anaconda3/envs/crawl/lib/python3.7/site-packages/selenium/webdriver/remote/errorhandler.py", line 242, in check_response
    raise exception_class(message, screen, stacktrace)
selenium.common.exceptions.NoSuchElementException: Message: no such element: Unable to locate element: {"method":"xpath","selector":"//div[@data-tracker="Family"]"}
  (Session info: chrome=79.0.3945.130)


60, ION Orchard, Family, page: None, None, 2020-01-30 16:14:16.604624
Traceback (most recent call last):
  File "/home/ds/git/STB_social_media_analytics/tripadvisor/tripadvisor_crawler.py", line 173, in crawl_poi_by_trip_type
    self.crawl_attributes()
  File "/home/ds/git/STB_social_media_analytics/tripadvisor/tripadvisor_crawler.py", line 253, in crawl_attributes
    '//div[@class="attractions-attraction-detail-about-card-AttractionDetailAboutCard__section--1_Efg"]')\
  File "/home/ds/anaconda3/envs/crawl/lib/python3.7/site-packages/selenium/webdriver/remote/webdriver.py", line 394, in find_element_by_xpath
    return self.find_element(by=By.XPATH, value=xpath)
  File "/home/ds/anaconda3/envs/crawl/lib/python3.7/site-packages/selenium/webdriver/remote/webdriver.py", line 978, in find_element
    'value': value})['value']
  File "/home/ds/anaconda3/envs/crawl/lib/python3.7/site-packages/selenium/webdriver/remote/webdriver.py", line 321, in execute
    self.error_handler.check_response(response)
  File "/home/ds/anaconda3/envs/crawl/lib/python3.7/site-packages/selenium/webdriver/remote/errorhandler.py", line 242, in check_response
    raise exception_class(message, screen, stacktrace)
selenium.common.exceptions.NoSuchElementException: Message: no such element: Unable to locate element: {"method":"xpath","selector":"//div[@class="attractions-attraction-detail-about-card-AttractionDetailAboutCard__section--1_Efg"]"}
  (Session info: chrome=79.0.3945.130)


60, ION Orchard, Family, page: None, None, 2020-01-30 16:14:30.089618
Traceback (most recent call last):
  File "/home/ds/git/STB_social_media_analytics/tripadvisor/tripadvisor_crawler.py", line 165, in crawl_poi_by_trip_type
    '//div[@data-tracker="{}"]'.format(self.current_trip_type))
  File "/home/ds/anaconda3/envs/crawl/lib/python3.7/site-packages/selenium/webdriver/remote/webdriver.py", line 394, in find_element_by_xpath
    return self.find_element(by=By.XPATH, value=xpath)
  File "/home/ds/anaconda3/envs/crawl/lib/python3.7/site-packages/selenium/webdriver/remote/webdriver.py", line 978, in find_element
    'value': value})['value']
  File "/home/ds/anaconda3/envs/crawl/lib/python3.7/site-packages/selenium/webdriver/remote/webdriver.py", line 321, in execute
    self.error_handler.check_response(response)
  File "/home/ds/anaconda3/envs/crawl/lib/python3.7/site-packages/selenium/webdriver/remote/errorhandler.py", line 242, in check_response
    raise exception_class(message, screen, stacktrace)
selenium.common.exceptions.NoSuchElementException: Message: no such element: Unable to locate element: {"method":"xpath","selector":"//div[@data-tracker="Family"]"}
  (Session info: chrome=79.0.3945.130)


60, ION Orchard, Family, page: None, None, 2020-01-30 16:14:43.467817
Traceback (most recent call last):
  File "/home/ds/git/STB_social_media_analytics/tripadvisor/tripadvisor_crawler.py", line 165, in crawl_poi_by_trip_type
    '//div[@data-tracker="{}"]'.format(self.current_trip_type))
  File "/home/ds/anaconda3/envs/crawl/lib/python3.7/site-packages/selenium/webdriver/remote/webdriver.py", line 394, in find_element_by_xpath
    return self.find_element(by=By.XPATH, value=xpath)
  File "/home/ds/anaconda3/envs/crawl/lib/python3.7/site-packages/selenium/webdriver/remote/webdriver.py", line 978, in find_element
    'value': value})['value']
  File "/home/ds/anaconda3/envs/crawl/lib/python3.7/site-packages/selenium/webdriver/remote/webdriver.py", line 321, in execute
    self.error_handler.check_response(response)
  File "/home/ds/anaconda3/envs/crawl/lib/python3.7/site-packages/selenium/webdriver/remote/errorhandler.py", line 242, in check_response
    raise exception_class(message, screen, stacktrace)
selenium.common.exceptions.NoSuchElementException: Message: no such element: Unable to locate element: {"method":"xpath","selector":"//div[@data-tracker="Family"]"}
  (Session info: chrome=79.0.3945.130)


60, ION Orchard, Family, page: None, None, 2020-01-30 16:15:01.984413
Traceback (most recent call last):
  File "/home/ds/git/STB_social_media_analytics/tripadvisor/tripadvisor_crawler.py", line 173, in crawl_poi_by_trip_type
    self.crawl_attributes()
  File "/home/ds/git/STB_social_media_analytics/tripadvisor/tripadvisor_crawler.py", line 253, in crawl_attributes
    '//div[@class="attractions-attraction-detail-about-card-AttractionDetailAboutCard__section--1_Efg"]')\
  File "/home/ds/anaconda3/envs/crawl/lib/python3.7/site-packages/selenium/webdriver/remote/webdriver.py", line 394, in find_element_by_xpath
    return self.find_element(by=By.XPATH, value=xpath)
  File "/home/ds/anaconda3/envs/crawl/lib/python3.7/site-packages/selenium/webdriver/remote/webdriver.py", line 978, in find_element
    'value': value})['value']
  File "/home/ds/anaconda3/envs/crawl/lib/python3.7/site-packages/selenium/webdriver/remote/webdriver.py", line 321, in execute
    self.error_handler.check_response(response)
  File "/home/ds/anaconda3/envs/crawl/lib/python3.7/site-packages/selenium/webdriver/remote/errorhandler.py", line 242, in check_response
    raise exception_class(message, screen, stacktrace)
selenium.common.exceptions.NoSuchElementException: Message: no such element: Unable to locate element: {"method":"xpath","selector":"//div[@class="attractions-attraction-detail-about-card-AttractionDetailAboutCard__section--1_Efg"]"}
  (Session info: chrome=79.0.3945.130)


60, ION Orchard, Family, page: None, None, 2020-01-30 16:15:15.219684
Traceback (most recent call last):
  File "/home/ds/git/STB_social_media_analytics/tripadvisor/tripadvisor_crawler.py", line 165, in crawl_poi_by_trip_type
    '//div[@data-tracker="{}"]'.format(self.current_trip_type))
  File "/home/ds/anaconda3/envs/crawl/lib/python3.7/site-packages/selenium/webdriver/remote/webdriver.py", line 394, in find_element_by_xpath
    return self.find_element(by=By.XPATH, value=xpath)
  File "/home/ds/anaconda3/envs/crawl/lib/python3.7/site-packages/selenium/webdriver/remote/webdriver.py", line 978, in find_element
    'value': value})['value']
  File "/home/ds/anaconda3/envs/crawl/lib/python3.7/site-packages/selenium/webdriver/remote/webdriver.py", line 321, in execute
    self.error_handler.check_response(response)
  File "/home/ds/anaconda3/envs/crawl/lib/python3.7/site-packages/selenium/webdriver/remote/errorhandler.py", line 242, in check_response
    raise exception_class(message, screen, stacktrace)
selenium.common.exceptions.NoSuchElementException: Message: no such element: Unable to locate element: {"method":"xpath","selector":"//div[@data-tracker="Family"]"}
  (Session info: chrome=79.0.3945.130)


60, ION Orchard, Family, page: None, None, 2020-01-30 16:15:28.710869
Traceback (most recent call last):
  File "/home/ds/git/STB_social_media_analytics/tripadvisor/tripadvisor_crawler.py", line 165, in crawl_poi_by_trip_type
    '//div[@data-tracker="{}"]'.format(self.current_trip_type))
  File "/home/ds/anaconda3/envs/crawl/lib/python3.7/site-packages/selenium/webdriver/remote/webdriver.py", line 394, in find_element_by_xpath
    return self.find_element(by=By.XPATH, value=xpath)
  File "/home/ds/anaconda3/envs/crawl/lib/python3.7/site-packages/selenium/webdriver/remote/webdriver.py", line 978, in find_element
    'value': value})['value']
  File "/home/ds/anaconda3/envs/crawl/lib/python3.7/site-packages/selenium/webdriver/remote/webdriver.py", line 321, in execute
    self.error_handler.check_response(response)
  File "/home/ds/anaconda3/envs/crawl/lib/python3.7/site-packages/selenium/webdriver/remote/errorhandler.py", line 242, in check_response
    raise exception_class(message, screen, stacktrace)
selenium.common.exceptions.NoSuchElementException: Message: no such element: Unable to locate element: {"method":"xpath","selector":"//div[@data-tracker="Family"]"}
  (Session info: chrome=79.0.3945.130)


60, ION Orchard, Family, page: None, None, 2020-01-30 16:15:46.699643
Traceback (most recent call last):
  File "/home/ds/git/STB_social_media_analytics/tripadvisor/tripadvisor_crawler.py", line 173, in crawl_poi_by_trip_type
    self.crawl_attributes()
  File "/home/ds/git/STB_social_media_analytics/tripadvisor/tripadvisor_crawler.py", line 253, in crawl_attributes
    '//div[@class="attractions-attraction-detail-about-card-AttractionDetailAboutCard__section--1_Efg"]')\
  File "/home/ds/anaconda3/envs/crawl/lib/python3.7/site-packages/selenium/webdriver/remote/webdriver.py", line 394, in find_element_by_xpath
    return self.find_element(by=By.XPATH, value=xpath)
  File "/home/ds/anaconda3/envs/crawl/lib/python3.7/site-packages/selenium/webdriver/remote/webdriver.py", line 978, in find_element
    'value': value})['value']
  File "/home/ds/anaconda3/envs/crawl/lib/python3.7/site-packages/selenium/webdriver/remote/webdriver.py", line 321, in execute
    self.error_handler.check_response(response)
  File "/home/ds/anaconda3/envs/crawl/lib/python3.7/site-packages/selenium/webdriver/remote/errorhandler.py", line 242, in check_response
    raise exception_class(message, screen, stacktrace)
selenium.common.exceptions.NoSuchElementException: Message: no such element: Unable to locate element: {"method":"xpath","selector":"//div[@class="attractions-attraction-detail-about-card-AttractionDetailAboutCard__section--1_Efg"]"}
  (Session info: chrome=79.0.3945.130)


60, ION Orchard, Family, page: None, None, 2020-01-30 16:16:05.478289
Traceback (most recent call last):
  File "/home/ds/git/STB_social_media_analytics/tripadvisor/tripadvisor_crawler.py", line 173, in crawl_poi_by_trip_type
    self.crawl_attributes()
  File "/home/ds/git/STB_social_media_analytics/tripadvisor/tripadvisor_crawler.py", line 253, in crawl_attributes
    '//div[@class="attractions-attraction-detail-about-card-AttractionDetailAboutCard__section--1_Efg"]')\
  File "/home/ds/anaconda3/envs/crawl/lib/python3.7/site-packages/selenium/webdriver/remote/webdriver.py", line 394, in find_element_by_xpath
    return self.find_element(by=By.XPATH, value=xpath)
  File "/home/ds/anaconda3/envs/crawl/lib/python3.7/site-packages/selenium/webdriver/remote/webdriver.py", line 978, in find_element
    'value': value})['value']
  File "/home/ds/anaconda3/envs/crawl/lib/python3.7/site-packages/selenium/webdriver/remote/webdriver.py", line 321, in execute
    self.error_handler.check_response(response)
  File "/home/ds/anaconda3/envs/crawl/lib/python3.7/site-packages/selenium/webdriver/remote/errorhandler.py", line 242, in check_response
    raise exception_class(message, screen, stacktrace)
selenium.common.exceptions.NoSuchElementException: Message: no such element: Unable to locate element: {"method":"xpath","selector":"//div[@class="attractions-attraction-detail-about-card-AttractionDetailAboutCard__section--1_Efg"]"}
  (Session info: chrome=79.0.3945.130)


60, ION Orchard, Family, page: None, None, 2020-01-30 16:16:23.564781
Traceback (most recent call last):
  File "/home/ds/git/STB_social_media_analytics/tripadvisor/tripadvisor_crawler.py", line 173, in crawl_poi_by_trip_type
    self.crawl_attributes()
  File "/home/ds/git/STB_social_media_analytics/tripadvisor/tripadvisor_crawler.py", line 253, in crawl_attributes
    '//div[@class="attractions-attraction-detail-about-card-AttractionDetailAboutCard__section--1_Efg"]')\
  File "/home/ds/anaconda3/envs/crawl/lib/python3.7/site-packages/selenium/webdriver/remote/webdriver.py", line 394, in find_element_by_xpath
    return self.find_element(by=By.XPATH, value=xpath)
  File "/home/ds/anaconda3/envs/crawl/lib/python3.7/site-packages/selenium/webdriver/remote/webdriver.py", line 978, in find_element
    'value': value})['value']
  File "/home/ds/anaconda3/envs/crawl/lib/python3.7/site-packages/selenium/webdriver/remote/webdriver.py", line 321, in execute
    self.error_handler.check_response(response)
  File "/home/ds/anaconda3/envs/crawl/lib/python3.7/site-packages/selenium/webdriver/remote/errorhandler.py", line 242, in check_response
    raise exception_class(message, screen, stacktrace)
selenium.common.exceptions.NoSuchElementException: Message: no such element: Unable to locate element: {"method":"xpath","selector":"//div[@class="attractions-attraction-detail-about-card-AttractionDetailAboutCard__section--1_Efg"]"}
  (Session info: chrome=79.0.3945.130)


60, ION Orchard, Family, page: None, None, 2020-01-30 16:16:37.455430
Traceback (most recent call last):
  File "/home/ds/git/STB_social_media_analytics/tripadvisor/tripadvisor_crawler.py", line 165, in crawl_poi_by_trip_type
    '//div[@data-tracker="{}"]'.format(self.current_trip_type))
  File "/home/ds/anaconda3/envs/crawl/lib/python3.7/site-packages/selenium/webdriver/remote/webdriver.py", line 394, in find_element_by_xpath
    return self.find_element(by=By.XPATH, value=xpath)
  File "/home/ds/anaconda3/envs/crawl/lib/python3.7/site-packages/selenium/webdriver/remote/webdriver.py", line 978, in find_element
    'value': value})['value']
  File "/home/ds/anaconda3/envs/crawl/lib/python3.7/site-packages/selenium/webdriver/remote/webdriver.py", line 321, in execute
    self.error_handler.check_response(response)
  File "/home/ds/anaconda3/envs/crawl/lib/python3.7/site-packages/selenium/webdriver/remote/errorhandler.py", line 242, in check_response
    raise exception_class(message, screen, stacktrace)
selenium.common.exceptions.NoSuchElementException: Message: no such element: Unable to locate element: {"method":"xpath","selector":"//div[@data-tracker="Family"]"}
  (Session info: chrome=79.0.3945.130)


60, ION Orchard, Family, page: None, None, 2020-01-30 16:16:51.471719
Traceback (most recent call last):
  File "/home/ds/git/STB_social_media_analytics/tripadvisor/tripadvisor_crawler.py", line 165, in crawl_poi_by_trip_type
    '//div[@data-tracker="{}"]'.format(self.current_trip_type))
  File "/home/ds/anaconda3/envs/crawl/lib/python3.7/site-packages/selenium/webdriver/remote/webdriver.py", line 394, in find_element_by_xpath
    return self.find_element(by=By.XPATH, value=xpath)
  File "/home/ds/anaconda3/envs/crawl/lib/python3.7/site-packages/selenium/webdriver/remote/webdriver.py", line 978, in find_element
    'value': value})['value']
  File "/home/ds/anaconda3/envs/crawl/lib/python3.7/site-packages/selenium/webdriver/remote/webdriver.py", line 321, in execute
    self.error_handler.check_response(response)
  File "/home/ds/anaconda3/envs/crawl/lib/python3.7/site-packages/selenium/webdriver/remote/errorhandler.py", line 242, in check_response
    raise exception_class(message, screen, stacktrace)
selenium.common.exceptions.NoSuchElementException: Message: no such element: Unable to locate element: {"method":"xpath","selector":"//div[@data-tracker="Family"]"}
  (Session info: chrome=79.0.3945.130)


60, ION Orchard, Family, page: None, None, 2020-01-30 16:17:05.426060
Traceback (most recent call last):
  File "/home/ds/git/STB_social_media_analytics/tripadvisor/tripadvisor_crawler.py", line 165, in crawl_poi_by_trip_type
    '//div[@data-tracker="{}"]'.format(self.current_trip_type))
  File "/home/ds/anaconda3/envs/crawl/lib/python3.7/site-packages/selenium/webdriver/remote/webdriver.py", line 394, in find_element_by_xpath
    return self.find_element(by=By.XPATH, value=xpath)
  File "/home/ds/anaconda3/envs/crawl/lib/python3.7/site-packages/selenium/webdriver/remote/webdriver.py", line 978, in find_element
    'value': value})['value']
  File "/home/ds/anaconda3/envs/crawl/lib/python3.7/site-packages/selenium/webdriver/remote/webdriver.py", line 321, in execute
    self.error_handler.check_response(response)
  File "/home/ds/anaconda3/envs/crawl/lib/python3.7/site-packages/selenium/webdriver/remote/errorhandler.py", line 242, in check_response
    raise exception_class(message, screen, stacktrace)
selenium.common.exceptions.NoSuchElementException: Message: no such element: Unable to locate element: {"method":"xpath","selector":"//div[@data-tracker="Family"]"}
  (Session info: chrome=79.0.3945.130)


60, ION Orchard, Family, page: None, None, 2020-01-30 16:17:19.141522
Traceback (most recent call last):
  File "/home/ds/git/STB_social_media_analytics/tripadvisor/tripadvisor_crawler.py", line 165, in crawl_poi_by_trip_type
    '//div[@data-tracker="{}"]'.format(self.current_trip_type))
  File "/home/ds/anaconda3/envs/crawl/lib/python3.7/site-packages/selenium/webdriver/remote/webdriver.py", line 394, in find_element_by_xpath
    return self.find_element(by=By.XPATH, value=xpath)
  File "/home/ds/anaconda3/envs/crawl/lib/python3.7/site-packages/selenium/webdriver/remote/webdriver.py", line 978, in find_element
    'value': value})['value']
  File "/home/ds/anaconda3/envs/crawl/lib/python3.7/site-packages/selenium/webdriver/remote/webdriver.py", line 321, in execute
    self.error_handler.check_response(response)
  File "/home/ds/anaconda3/envs/crawl/lib/python3.7/site-packages/selenium/webdriver/remote/errorhandler.py", line 242, in check_response
    raise exception_class(message, screen, stacktrace)
selenium.common.exceptions.NoSuchElementException: Message: no such element: Unable to locate element: {"method":"xpath","selector":"//div[@data-tracker="Family"]"}
  (Session info: chrome=79.0.3945.130)


60, ION Orchard, Family, page: None, None, 2020-01-30 16:17:33.116643
Traceback (most recent call last):
  File "/home/ds/git/STB_social_media_analytics/tripadvisor/tripadvisor_crawler.py", line 165, in crawl_poi_by_trip_type
    '//div[@data-tracker="{}"]'.format(self.current_trip_type))
  File "/home/ds/anaconda3/envs/crawl/lib/python3.7/site-packages/selenium/webdriver/remote/webdriver.py", line 394, in find_element_by_xpath
    return self.find_element(by=By.XPATH, value=xpath)
  File "/home/ds/anaconda3/envs/crawl/lib/python3.7/site-packages/selenium/webdriver/remote/webdriver.py", line 978, in find_element
    'value': value})['value']
  File "/home/ds/anaconda3/envs/crawl/lib/python3.7/site-packages/selenium/webdriver/remote/webdriver.py", line 321, in execute
    self.error_handler.check_response(response)
  File "/home/ds/anaconda3/envs/crawl/lib/python3.7/site-packages/selenium/webdriver/remote/errorhandler.py", line 242, in check_response
    raise exception_class(message, screen, stacktrace)
selenium.common.exceptions.NoSuchElementException: Message: no such element: Unable to locate element: {"method":"xpath","selector":"//div[@data-tracker="Family"]"}
  (Session info: chrome=79.0.3945.130)


60, ION Orchard, Family, page: None, None, 2020-01-30 16:17:51.124504
Traceback (most recent call last):
  File "/home/ds/git/STB_social_media_analytics/tripadvisor/tripadvisor_crawler.py", line 173, in crawl_poi_by_trip_type
    self.crawl_attributes()
  File "/home/ds/git/STB_social_media_analytics/tripadvisor/tripadvisor_crawler.py", line 253, in crawl_attributes
    '//div[@class="attractions-attraction-detail-about-card-AttractionDetailAboutCard__section--1_Efg"]')\
  File "/home/ds/anaconda3/envs/crawl/lib/python3.7/site-packages/selenium/webdriver/remote/webdriver.py", line 394, in find_element_by_xpath
    return self.find_element(by=By.XPATH, value=xpath)
  File "/home/ds/anaconda3/envs/crawl/lib/python3.7/site-packages/selenium/webdriver/remote/webdriver.py", line 978, in find_element
    'value': value})['value']
  File "/home/ds/anaconda3/envs/crawl/lib/python3.7/site-packages/selenium/webdriver/remote/webdriver.py", line 321, in execute
    self.error_handler.check_response(response)
  File "/home/ds/anaconda3/envs/crawl/lib/python3.7/site-packages/selenium/webdriver/remote/errorhandler.py", line 242, in check_response
    raise exception_class(message, screen, stacktrace)
selenium.common.exceptions.NoSuchElementException: Message: no such element: Unable to locate element: {"method":"xpath","selector":"//div[@class="attractions-attraction-detail-about-card-AttractionDetailAboutCard__section--1_Efg"]"}
  (Session info: chrome=79.0.3945.130)


60, ION Orchard, Family, page: None, None, 2020-01-30 16:18:04.690203
Traceback (most recent call last):
  File "/home/ds/git/STB_social_media_analytics/tripadvisor/tripadvisor_crawler.py", line 165, in crawl_poi_by_trip_type
    '//div[@data-tracker="{}"]'.format(self.current_trip_type))
  File "/home/ds/anaconda3/envs/crawl/lib/python3.7/site-packages/selenium/webdriver/remote/webdriver.py", line 394, in find_element_by_xpath
    return self.find_element(by=By.XPATH, value=xpath)
  File "/home/ds/anaconda3/envs/crawl/lib/python3.7/site-packages/selenium/webdriver/remote/webdriver.py", line 978, in find_element
    'value': value})['value']
  File "/home/ds/anaconda3/envs/crawl/lib/python3.7/site-packages/selenium/webdriver/remote/webdriver.py", line 321, in execute
    self.error_handler.check_response(response)
  File "/home/ds/anaconda3/envs/crawl/lib/python3.7/site-packages/selenium/webdriver/remote/errorhandler.py", line 242, in check_response
    raise exception_class(message, screen, stacktrace)
selenium.common.exceptions.NoSuchElementException: Message: no such element: Unable to locate element: {"method":"xpath","selector":"//div[@data-tracker="Family"]"}
  (Session info: chrome=79.0.3945.130)


60, ION Orchard, Family, page: None, None, 2020-01-30 16:18:19.032423
Traceback (most recent call last):
  File "/home/ds/git/STB_social_media_analytics/tripadvisor/tripadvisor_crawler.py", line 165, in crawl_poi_by_trip_type
    '//div[@data-tracker="{}"]'.format(self.current_trip_type))
  File "/home/ds/anaconda3/envs/crawl/lib/python3.7/site-packages/selenium/webdriver/remote/webdriver.py", line 394, in find_element_by_xpath
    return self.find_element(by=By.XPATH, value=xpath)
  File "/home/ds/anaconda3/envs/crawl/lib/python3.7/site-packages/selenium/webdriver/remote/webdriver.py", line 978, in find_element
    'value': value})['value']
  File "/home/ds/anaconda3/envs/crawl/lib/python3.7/site-packages/selenium/webdriver/remote/webdriver.py", line 321, in execute
    self.error_handler.check_response(response)
  File "/home/ds/anaconda3/envs/crawl/lib/python3.7/site-packages/selenium/webdriver/remote/errorhandler.py", line 242, in check_response
    raise exception_class(message, screen, stacktrace)
selenium.common.exceptions.NoSuchElementException: Message: no such element: Unable to locate element: {"method":"xpath","selector":"//div[@data-tracker="Family"]"}
  (Session info: chrome=79.0.3945.130)


60, ION Orchard, Family, page: None, None, 2020-01-30 16:18:36.894586
Traceback (most recent call last):
  File "/home/ds/git/STB_social_media_analytics/tripadvisor/tripadvisor_crawler.py", line 173, in crawl_poi_by_trip_type
    self.crawl_attributes()
  File "/home/ds/git/STB_social_media_analytics/tripadvisor/tripadvisor_crawler.py", line 253, in crawl_attributes
    '//div[@class="attractions-attraction-detail-about-card-AttractionDetailAboutCard__section--1_Efg"]')\
  File "/home/ds/anaconda3/envs/crawl/lib/python3.7/site-packages/selenium/webdriver/remote/webdriver.py", line 394, in find_element_by_xpath
    return self.find_element(by=By.XPATH, value=xpath)
  File "/home/ds/anaconda3/envs/crawl/lib/python3.7/site-packages/selenium/webdriver/remote/webdriver.py", line 978, in find_element
    'value': value})['value']
  File "/home/ds/anaconda3/envs/crawl/lib/python3.7/site-packages/selenium/webdriver/remote/webdriver.py", line 321, in execute
    self.error_handler.check_response(response)
  File "/home/ds/anaconda3/envs/crawl/lib/python3.7/site-packages/selenium/webdriver/remote/errorhandler.py", line 242, in check_response
    raise exception_class(message, screen, stacktrace)
selenium.common.exceptions.NoSuchElementException: Message: no such element: Unable to locate element: {"method":"xpath","selector":"//div[@class="attractions-attraction-detail-about-card-AttractionDetailAboutCard__section--1_Efg"]"}
  (Session info: chrome=79.0.3945.130)


60, ION Orchard, Family, page: None, None, 2020-01-30 16:18:49.770061
Traceback (most recent call last):
  File "/home/ds/git/STB_social_media_analytics/tripadvisor/tripadvisor_crawler.py", line 165, in crawl_poi_by_trip_type
    '//div[@data-tracker="{}"]'.format(self.current_trip_type))
  File "/home/ds/anaconda3/envs/crawl/lib/python3.7/site-packages/selenium/webdriver/remote/webdriver.py", line 394, in find_element_by_xpath
    return self.find_element(by=By.XPATH, value=xpath)
  File "/home/ds/anaconda3/envs/crawl/lib/python3.7/site-packages/selenium/webdriver/remote/webdriver.py", line 978, in find_element
    'value': value})['value']
  File "/home/ds/anaconda3/envs/crawl/lib/python3.7/site-packages/selenium/webdriver/remote/webdriver.py", line 321, in execute
    self.error_handler.check_response(response)
  File "/home/ds/anaconda3/envs/crawl/lib/python3.7/site-packages/selenium/webdriver/remote/errorhandler.py", line 242, in check_response
    raise exception_class(message, screen, stacktrace)
selenium.common.exceptions.NoSuchElementException: Message: no such element: Unable to locate element: {"method":"xpath","selector":"//div[@data-tracker="Family"]"}
  (Session info: chrome=79.0.3945.130)


60, ION Orchard, Family, page: None, None, 2020-01-30 16:19:03.437423
Traceback (most recent call last):
  File "/home/ds/git/STB_social_media_analytics/tripadvisor/tripadvisor_crawler.py", line 165, in crawl_poi_by_trip_type
    '//div[@data-tracker="{}"]'.format(self.current_trip_type))
  File "/home/ds/anaconda3/envs/crawl/lib/python3.7/site-packages/selenium/webdriver/remote/webdriver.py", line 394, in find_element_by_xpath
    return self.find_element(by=By.XPATH, value=xpath)
  File "/home/ds/anaconda3/envs/crawl/lib/python3.7/site-packages/selenium/webdriver/remote/webdriver.py", line 978, in find_element
    'value': value})['value']
  File "/home/ds/anaconda3/envs/crawl/lib/python3.7/site-packages/selenium/webdriver/remote/webdriver.py", line 321, in execute
    self.error_handler.check_response(response)
  File "/home/ds/anaconda3/envs/crawl/lib/python3.7/site-packages/selenium/webdriver/remote/errorhandler.py", line 242, in check_response
    raise exception_class(message, screen, stacktrace)
selenium.common.exceptions.NoSuchElementException: Message: no such element: Unable to locate element: {"method":"xpath","selector":"//div[@data-tracker="Family"]"}
  (Session info: chrome=79.0.3945.130)


60, ION Orchard, Family, page: None, None, 2020-01-30 16:19:17.145413
Traceback (most recent call last):
  File "/home/ds/git/STB_social_media_analytics/tripadvisor/tripadvisor_crawler.py", line 165, in crawl_poi_by_trip_type
    '//div[@data-tracker="{}"]'.format(self.current_trip_type))
  File "/home/ds/anaconda3/envs/crawl/lib/python3.7/site-packages/selenium/webdriver/remote/webdriver.py", line 394, in find_element_by_xpath
    return self.find_element(by=By.XPATH, value=xpath)
  File "/home/ds/anaconda3/envs/crawl/lib/python3.7/site-packages/selenium/webdriver/remote/webdriver.py", line 978, in find_element
    'value': value})['value']
  File "/home/ds/anaconda3/envs/crawl/lib/python3.7/site-packages/selenium/webdriver/remote/webdriver.py", line 321, in execute
    self.error_handler.check_response(response)
  File "/home/ds/anaconda3/envs/crawl/lib/python3.7/site-packages/selenium/webdriver/remote/errorhandler.py", line 242, in check_response
    raise exception_class(message, screen, stacktrace)
selenium.common.exceptions.NoSuchElementException: Message: no such element: Unable to locate element: {"method":"xpath","selector":"//div[@data-tracker="Family"]"}
  (Session info: chrome=79.0.3945.130)


60, ION Orchard, Family, page: None, None, 2020-01-30 16:19:35.544798
Traceback (most recent call last):
  File "/home/ds/git/STB_social_media_analytics/tripadvisor/tripadvisor_crawler.py", line 173, in crawl_poi_by_trip_type
    self.crawl_attributes()
  File "/home/ds/git/STB_social_media_analytics/tripadvisor/tripadvisor_crawler.py", line 253, in crawl_attributes
    '//div[@class="attractions-attraction-detail-about-card-AttractionDetailAboutCard__section--1_Efg"]')\
  File "/home/ds/anaconda3/envs/crawl/lib/python3.7/site-packages/selenium/webdriver/remote/webdriver.py", line 394, in find_element_by_xpath
    return self.find_element(by=By.XPATH, value=xpath)
  File "/home/ds/anaconda3/envs/crawl/lib/python3.7/site-packages/selenium/webdriver/remote/webdriver.py", line 978, in find_element
    'value': value})['value']
  File "/home/ds/anaconda3/envs/crawl/lib/python3.7/site-packages/selenium/webdriver/remote/webdriver.py", line 321, in execute
    self.error_handler.check_response(response)
  File "/home/ds/anaconda3/envs/crawl/lib/python3.7/site-packages/selenium/webdriver/remote/errorhandler.py", line 242, in check_response
    raise exception_class(message, screen, stacktrace)
selenium.common.exceptions.NoSuchElementException: Message: no such element: Unable to locate element: {"method":"xpath","selector":"//div[@class="attractions-attraction-detail-about-card-AttractionDetailAboutCard__section--1_Efg"]"}
  (Session info: chrome=79.0.3945.130)


60, ION Orchard, Family, page: None, None, 2020-01-30 16:19:48.761316
Traceback (most recent call last):
  File "/home/ds/git/STB_social_media_analytics/tripadvisor/tripadvisor_crawler.py", line 165, in crawl_poi_by_trip_type
    '//div[@data-tracker="{}"]'.format(self.current_trip_type))
  File "/home/ds/anaconda3/envs/crawl/lib/python3.7/site-packages/selenium/webdriver/remote/webdriver.py", line 394, in find_element_by_xpath
    return self.find_element(by=By.XPATH, value=xpath)
  File "/home/ds/anaconda3/envs/crawl/lib/python3.7/site-packages/selenium/webdriver/remote/webdriver.py", line 978, in find_element
    'value': value})['value']
  File "/home/ds/anaconda3/envs/crawl/lib/python3.7/site-packages/selenium/webdriver/remote/webdriver.py", line 321, in execute
    self.error_handler.check_response(response)
  File "/home/ds/anaconda3/envs/crawl/lib/python3.7/site-packages/selenium/webdriver/remote/errorhandler.py", line 242, in check_response
    raise exception_class(message, screen, stacktrace)
selenium.common.exceptions.NoSuchElementException: Message: no such element: Unable to locate element: {"method":"xpath","selector":"//div[@data-tracker="Family"]"}
  (Session info: chrome=79.0.3945.130)


60, ION Orchard, Family, page: None, None, 2020-01-30 16:20:07.135773
Traceback (most recent call last):
  File "/home/ds/git/STB_social_media_analytics/tripadvisor/tripadvisor_crawler.py", line 173, in crawl_poi_by_trip_type
    self.crawl_attributes()
  File "/home/ds/git/STB_social_media_analytics/tripadvisor/tripadvisor_crawler.py", line 253, in crawl_attributes
    '//div[@class="attractions-attraction-detail-about-card-AttractionDetailAboutCard__section--1_Efg"]')\
  File "/home/ds/anaconda3/envs/crawl/lib/python3.7/site-packages/selenium/webdriver/remote/webdriver.py", line 394, in find_element_by_xpath
    return self.find_element(by=By.XPATH, value=xpath)
  File "/home/ds/anaconda3/envs/crawl/lib/python3.7/site-packages/selenium/webdriver/remote/webdriver.py", line 978, in find_element
    'value': value})['value']
  File "/home/ds/anaconda3/envs/crawl/lib/python3.7/site-packages/selenium/webdriver/remote/webdriver.py", line 321, in execute
    self.error_handler.check_response(response)
  File "/home/ds/anaconda3/envs/crawl/lib/python3.7/site-packages/selenium/webdriver/remote/errorhandler.py", line 242, in check_response
    raise exception_class(message, screen, stacktrace)
selenium.common.exceptions.NoSuchElementException: Message: no such element: Unable to locate element: {"method":"xpath","selector":"//div[@class="attractions-attraction-detail-about-card-AttractionDetailAboutCard__section--1_Efg"]"}
  (Session info: chrome=79.0.3945.130)


60, ION Orchard, Family, page: None, None, 2020-01-30 16:20:21.044940
Traceback (most recent call last):
  File "/home/ds/git/STB_social_media_analytics/tripadvisor/tripadvisor_crawler.py", line 165, in crawl_poi_by_trip_type
    '//div[@data-tracker="{}"]'.format(self.current_trip_type))
  File "/home/ds/anaconda3/envs/crawl/lib/python3.7/site-packages/selenium/webdriver/remote/webdriver.py", line 394, in find_element_by_xpath
    return self.find_element(by=By.XPATH, value=xpath)
  File "/home/ds/anaconda3/envs/crawl/lib/python3.7/site-packages/selenium/webdriver/remote/webdriver.py", line 978, in find_element
    'value': value})['value']
  File "/home/ds/anaconda3/envs/crawl/lib/python3.7/site-packages/selenium/webdriver/remote/webdriver.py", line 321, in execute
    self.error_handler.check_response(response)
  File "/home/ds/anaconda3/envs/crawl/lib/python3.7/site-packages/selenium/webdriver/remote/errorhandler.py", line 242, in check_response
    raise exception_class(message, screen, stacktrace)
selenium.common.exceptions.NoSuchElementException: Message: no such element: Unable to locate element: {"method":"xpath","selector":"//div[@data-tracker="Family"]"}
  (Session info: chrome=79.0.3945.130)


60, ION Orchard, Family, page: None, None, 2020-01-30 16:20:39.376801
Traceback (most recent call last):
  File "/home/ds/git/STB_social_media_analytics/tripadvisor/tripadvisor_crawler.py", line 173, in crawl_poi_by_trip_type
    self.crawl_attributes()
  File "/home/ds/git/STB_social_media_analytics/tripadvisor/tripadvisor_crawler.py", line 253, in crawl_attributes
    '//div[@class="attractions-attraction-detail-about-card-AttractionDetailAboutCard__section--1_Efg"]')\
  File "/home/ds/anaconda3/envs/crawl/lib/python3.7/site-packages/selenium/webdriver/remote/webdriver.py", line 394, in find_element_by_xpath
    return self.find_element(by=By.XPATH, value=xpath)
  File "/home/ds/anaconda3/envs/crawl/lib/python3.7/site-packages/selenium/webdriver/remote/webdriver.py", line 978, in find_element
    'value': value})['value']
  File "/home/ds/anaconda3/envs/crawl/lib/python3.7/site-packages/selenium/webdriver/remote/webdriver.py", line 321, in execute
    self.error_handler.check_response(response)
  File "/home/ds/anaconda3/envs/crawl/lib/python3.7/site-packages/selenium/webdriver/remote/errorhandler.py", line 242, in check_response
    raise exception_class(message, screen, stacktrace)
selenium.common.exceptions.NoSuchElementException: Message: no such element: Unable to locate element: {"method":"xpath","selector":"//div[@class="attractions-attraction-detail-about-card-AttractionDetailAboutCard__section--1_Efg"]"}
  (Session info: chrome=79.0.3945.130)


60, ION Orchard, Family, page: None, None, 2020-01-30 16:21:00.011185
Traceback (most recent call last):
  File "/home/ds/git/STB_social_media_analytics/tripadvisor/tripadvisor_crawler.py", line 173, in crawl_poi_by_trip_type
    self.crawl_attributes()
  File "/home/ds/git/STB_social_media_analytics/tripadvisor/tripadvisor_crawler.py", line 253, in crawl_attributes
    '//div[@class="attractions-attraction-detail-about-card-AttractionDetailAboutCard__section--1_Efg"]')\
  File "/home/ds/anaconda3/envs/crawl/lib/python3.7/site-packages/selenium/webdriver/remote/webdriver.py", line 394, in find_element_by_xpath
    return self.find_element(by=By.XPATH, value=xpath)
  File "/home/ds/anaconda3/envs/crawl/lib/python3.7/site-packages/selenium/webdriver/remote/webdriver.py", line 978, in find_element
    'value': value})['value']
  File "/home/ds/anaconda3/envs/crawl/lib/python3.7/site-packages/selenium/webdriver/remote/webdriver.py", line 321, in execute
    self.error_handler.check_response(response)
  File "/home/ds/anaconda3/envs/crawl/lib/python3.7/site-packages/selenium/webdriver/remote/errorhandler.py", line 242, in check_response
    raise exception_class(message, screen, stacktrace)
selenium.common.exceptions.NoSuchElementException: Message: no such element: Unable to locate element: {"method":"xpath","selector":"//div[@class="attractions-attraction-detail-about-card-AttractionDetailAboutCard__section--1_Efg"]"}
  (Session info: chrome=79.0.3945.130)


60, ION Orchard, Family, page: None, None, 2020-01-30 16:21:17.874932
Traceback (most recent call last):
  File "/home/ds/git/STB_social_media_analytics/tripadvisor/tripadvisor_crawler.py", line 173, in crawl_poi_by_trip_type
    self.crawl_attributes()
  File "/home/ds/git/STB_social_media_analytics/tripadvisor/tripadvisor_crawler.py", line 253, in crawl_attributes
    '//div[@class="attractions-attraction-detail-about-card-AttractionDetailAboutCard__section--1_Efg"]')\
  File "/home/ds/anaconda3/envs/crawl/lib/python3.7/site-packages/selenium/webdriver/remote/webdriver.py", line 394, in find_element_by_xpath
    return self.find_element(by=By.XPATH, value=xpath)
  File "/home/ds/anaconda3/envs/crawl/lib/python3.7/site-packages/selenium/webdriver/remote/webdriver.py", line 978, in find_element
    'value': value})['value']
  File "/home/ds/anaconda3/envs/crawl/lib/python3.7/site-packages/selenium/webdriver/remote/webdriver.py", line 321, in execute
    self.error_handler.check_response(response)
  File "/home/ds/anaconda3/envs/crawl/lib/python3.7/site-packages/selenium/webdriver/remote/errorhandler.py", line 242, in check_response
    raise exception_class(message, screen, stacktrace)
selenium.common.exceptions.NoSuchElementException: Message: no such element: Unable to locate element: {"method":"xpath","selector":"//div[@class="attractions-attraction-detail-about-card-AttractionDetailAboutCard__section--1_Efg"]"}
  (Session info: chrome=79.0.3945.130)


60, ION Orchard, Family, page: None, None, 2020-01-30 16:21:31.446355
Traceback (most recent call last):
  File "/home/ds/git/STB_social_media_analytics/tripadvisor/tripadvisor_crawler.py", line 165, in crawl_poi_by_trip_type
    '//div[@data-tracker="{}"]'.format(self.current_trip_type))
  File "/home/ds/anaconda3/envs/crawl/lib/python3.7/site-packages/selenium/webdriver/remote/webdriver.py", line 394, in find_element_by_xpath
    return self.find_element(by=By.XPATH, value=xpath)
  File "/home/ds/anaconda3/envs/crawl/lib/python3.7/site-packages/selenium/webdriver/remote/webdriver.py", line 978, in find_element
    'value': value})['value']
  File "/home/ds/anaconda3/envs/crawl/lib/python3.7/site-packages/selenium/webdriver/remote/webdriver.py", line 321, in execute
    self.error_handler.check_response(response)
  File "/home/ds/anaconda3/envs/crawl/lib/python3.7/site-packages/selenium/webdriver/remote/errorhandler.py", line 242, in check_response
    raise exception_class(message, screen, stacktrace)
selenium.common.exceptions.NoSuchElementException: Message: no such element: Unable to locate element: {"method":"xpath","selector":"//div[@data-tracker="Family"]"}
  (Session info: chrome=79.0.3945.130)


60, ION Orchard, Family, page: None, None, 2020-01-30 16:21:50.006487
Traceback (most recent call last):
  File "/home/ds/git/STB_social_media_analytics/tripadvisor/tripadvisor_crawler.py", line 173, in crawl_poi_by_trip_type
    self.crawl_attributes()
  File "/home/ds/git/STB_social_media_analytics/tripadvisor/tripadvisor_crawler.py", line 253, in crawl_attributes
    '//div[@class="attractions-attraction-detail-about-card-AttractionDetailAboutCard__section--1_Efg"]')\
  File "/home/ds/anaconda3/envs/crawl/lib/python3.7/site-packages/selenium/webdriver/remote/webdriver.py", line 394, in find_element_by_xpath
    return self.find_element(by=By.XPATH, value=xpath)
  File "/home/ds/anaconda3/envs/crawl/lib/python3.7/site-packages/selenium/webdriver/remote/webdriver.py", line 978, in find_element
    'value': value})['value']
  File "/home/ds/anaconda3/envs/crawl/lib/python3.7/site-packages/selenium/webdriver/remote/webdriver.py", line 321, in execute
    self.error_handler.check_response(response)
  File "/home/ds/anaconda3/envs/crawl/lib/python3.7/site-packages/selenium/webdriver/remote/errorhandler.py", line 242, in check_response
    raise exception_class(message, screen, stacktrace)
selenium.common.exceptions.NoSuchElementException: Message: no such element: Unable to locate element: {"method":"xpath","selector":"//div[@class="attractions-attraction-detail-about-card-AttractionDetailAboutCard__section--1_Efg"]"}
  (Session info: chrome=79.0.3945.130)


60, ION Orchard, Family, page: None, None, 2020-01-30 16:22:08.047676
Traceback (most recent call last):
  File "/home/ds/git/STB_social_media_analytics/tripadvisor/tripadvisor_crawler.py", line 173, in crawl_poi_by_trip_type
    self.crawl_attributes()
  File "/home/ds/git/STB_social_media_analytics/tripadvisor/tripadvisor_crawler.py", line 253, in crawl_attributes
    '//div[@class="attractions-attraction-detail-about-card-AttractionDetailAboutCard__section--1_Efg"]')\
  File "/home/ds/anaconda3/envs/crawl/lib/python3.7/site-packages/selenium/webdriver/remote/webdriver.py", line 394, in find_element_by_xpath
    return self.find_element(by=By.XPATH, value=xpath)
  File "/home/ds/anaconda3/envs/crawl/lib/python3.7/site-packages/selenium/webdriver/remote/webdriver.py", line 978, in find_element
    'value': value})['value']
  File "/home/ds/anaconda3/envs/crawl/lib/python3.7/site-packages/selenium/webdriver/remote/webdriver.py", line 321, in execute
    self.error_handler.check_response(response)
  File "/home/ds/anaconda3/envs/crawl/lib/python3.7/site-packages/selenium/webdriver/remote/errorhandler.py", line 242, in check_response
    raise exception_class(message, screen, stacktrace)
selenium.common.exceptions.NoSuchElementException: Message: no such element: Unable to locate element: {"method":"xpath","selector":"//div[@class="attractions-attraction-detail-about-card-AttractionDetailAboutCard__section--1_Efg"]"}
  (Session info: chrome=79.0.3945.130)


60, ION Orchard, Family, page: None, None, 2020-01-30 16:22:25.524915
Traceback (most recent call last):
  File "/home/ds/git/STB_social_media_analytics/tripadvisor/tripadvisor_crawler.py", line 173, in crawl_poi_by_trip_type
    self.crawl_attributes()
  File "/home/ds/git/STB_social_media_analytics/tripadvisor/tripadvisor_crawler.py", line 253, in crawl_attributes
    '//div[@class="attractions-attraction-detail-about-card-AttractionDetailAboutCard__section--1_Efg"]')\
  File "/home/ds/anaconda3/envs/crawl/lib/python3.7/site-packages/selenium/webdriver/remote/webdriver.py", line 394, in find_element_by_xpath
    return self.find_element(by=By.XPATH, value=xpath)
  File "/home/ds/anaconda3/envs/crawl/lib/python3.7/site-packages/selenium/webdriver/remote/webdriver.py", line 978, in find_element
    'value': value})['value']
  File "/home/ds/anaconda3/envs/crawl/lib/python3.7/site-packages/selenium/webdriver/remote/webdriver.py", line 321, in execute
    self.error_handler.check_response(response)
  File "/home/ds/anaconda3/envs/crawl/lib/python3.7/site-packages/selenium/webdriver/remote/errorhandler.py", line 242, in check_response
    raise exception_class(message, screen, stacktrace)
selenium.common.exceptions.NoSuchElementException: Message: no such element: Unable to locate element: {"method":"xpath","selector":"//div[@class="attractions-attraction-detail-about-card-AttractionDetailAboutCard__section--1_Efg"]"}
  (Session info: chrome=79.0.3945.130)


60, ION Orchard, Family, page: None, None, 2020-01-30 16:22:38.828207
Traceback (most recent call last):
  File "/home/ds/git/STB_social_media_analytics/tripadvisor/tripadvisor_crawler.py", line 165, in crawl_poi_by_trip_type
    '//div[@data-tracker="{}"]'.format(self.current_trip_type))
  File "/home/ds/anaconda3/envs/crawl/lib/python3.7/site-packages/selenium/webdriver/remote/webdriver.py", line 394, in find_element_by_xpath
    return self.find_element(by=By.XPATH, value=xpath)
  File "/home/ds/anaconda3/envs/crawl/lib/python3.7/site-packages/selenium/webdriver/remote/webdriver.py", line 978, in find_element
    'value': value})['value']
  File "/home/ds/anaconda3/envs/crawl/lib/python3.7/site-packages/selenium/webdriver/remote/webdriver.py", line 321, in execute
    self.error_handler.check_response(response)
  File "/home/ds/anaconda3/envs/crawl/lib/python3.7/site-packages/selenium/webdriver/remote/errorhandler.py", line 242, in check_response
    raise exception_class(message, screen, stacktrace)
selenium.common.exceptions.NoSuchElementException: Message: no such element: Unable to locate element: {"method":"xpath","selector":"//div[@data-tracker="Family"]"}
  (Session info: chrome=79.0.3945.130)


60, ION Orchard, Family, page: None, None, 2020-01-30 16:22:56.320626
Traceback (most recent call last):
  File "/home/ds/git/STB_social_media_analytics/tripadvisor/tripadvisor_crawler.py", line 173, in crawl_poi_by_trip_type
    self.crawl_attributes()
  File "/home/ds/git/STB_social_media_analytics/tripadvisor/tripadvisor_crawler.py", line 253, in crawl_attributes
    '//div[@class="attractions-attraction-detail-about-card-AttractionDetailAboutCard__section--1_Efg"]')\
  File "/home/ds/anaconda3/envs/crawl/lib/python3.7/site-packages/selenium/webdriver/remote/webdriver.py", line 394, in find_element_by_xpath
    return self.find_element(by=By.XPATH, value=xpath)
  File "/home/ds/anaconda3/envs/crawl/lib/python3.7/site-packages/selenium/webdriver/remote/webdriver.py", line 978, in find_element
    'value': value})['value']
  File "/home/ds/anaconda3/envs/crawl/lib/python3.7/site-packages/selenium/webdriver/remote/webdriver.py", line 321, in execute
    self.error_handler.check_response(response)
  File "/home/ds/anaconda3/envs/crawl/lib/python3.7/site-packages/selenium/webdriver/remote/errorhandler.py", line 242, in check_response
    raise exception_class(message, screen, stacktrace)
selenium.common.exceptions.NoSuchElementException: Message: no such element: Unable to locate element: {"method":"xpath","selector":"//div[@class="attractions-attraction-detail-about-card-AttractionDetailAboutCard__section--1_Efg"]"}
  (Session info: chrome=79.0.3945.130)


60, ION Orchard, Family, page: None, None, 2020-01-30 16:23:10.764278
Traceback (most recent call last):
  File "/home/ds/git/STB_social_media_analytics/tripadvisor/tripadvisor_crawler.py", line 165, in crawl_poi_by_trip_type
    '//div[@data-tracker="{}"]'.format(self.current_trip_type))
  File "/home/ds/anaconda3/envs/crawl/lib/python3.7/site-packages/selenium/webdriver/remote/webdriver.py", line 394, in find_element_by_xpath
    return self.find_element(by=By.XPATH, value=xpath)
  File "/home/ds/anaconda3/envs/crawl/lib/python3.7/site-packages/selenium/webdriver/remote/webdriver.py", line 978, in find_element
    'value': value})['value']
  File "/home/ds/anaconda3/envs/crawl/lib/python3.7/site-packages/selenium/webdriver/remote/webdriver.py", line 321, in execute
    self.error_handler.check_response(response)
  File "/home/ds/anaconda3/envs/crawl/lib/python3.7/site-packages/selenium/webdriver/remote/errorhandler.py", line 242, in check_response
    raise exception_class(message, screen, stacktrace)
selenium.common.exceptions.NoSuchElementException: Message: no such element: Unable to locate element: {"method":"xpath","selector":"//div[@data-tracker="Family"]"}
  (Session info: chrome=79.0.3945.130)


60, ION Orchard, Family, page: None, None, 2020-01-30 16:23:23.865247
Traceback (most recent call last):
  File "/home/ds/git/STB_social_media_analytics/tripadvisor/tripadvisor_crawler.py", line 165, in crawl_poi_by_trip_type
    '//div[@data-tracker="{}"]'.format(self.current_trip_type))
  File "/home/ds/anaconda3/envs/crawl/lib/python3.7/site-packages/selenium/webdriver/remote/webdriver.py", line 394, in find_element_by_xpath
    return self.find_element(by=By.XPATH, value=xpath)
  File "/home/ds/anaconda3/envs/crawl/lib/python3.7/site-packages/selenium/webdriver/remote/webdriver.py", line 978, in find_element
    'value': value})['value']
  File "/home/ds/anaconda3/envs/crawl/lib/python3.7/site-packages/selenium/webdriver/remote/webdriver.py", line 321, in execute
    self.error_handler.check_response(response)
  File "/home/ds/anaconda3/envs/crawl/lib/python3.7/site-packages/selenium/webdriver/remote/errorhandler.py", line 242, in check_response
    raise exception_class(message, screen, stacktrace)
selenium.common.exceptions.NoSuchElementException: Message: no such element: Unable to locate element: {"method":"xpath","selector":"//div[@data-tracker="Family"]"}
  (Session info: chrome=79.0.3945.130)


60, ION Orchard, Family, page: None, None, 2020-01-30 16:23:41.403449
Traceback (most recent call last):
  File "/home/ds/git/STB_social_media_analytics/tripadvisor/tripadvisor_crawler.py", line 173, in crawl_poi_by_trip_type
    self.crawl_attributes()
  File "/home/ds/git/STB_social_media_analytics/tripadvisor/tripadvisor_crawler.py", line 253, in crawl_attributes
    '//div[@class="attractions-attraction-detail-about-card-AttractionDetailAboutCard__section--1_Efg"]')\
  File "/home/ds/anaconda3/envs/crawl/lib/python3.7/site-packages/selenium/webdriver/remote/webdriver.py", line 394, in find_element_by_xpath
    return self.find_element(by=By.XPATH, value=xpath)
  File "/home/ds/anaconda3/envs/crawl/lib/python3.7/site-packages/selenium/webdriver/remote/webdriver.py", line 978, in find_element
    'value': value})['value']
  File "/home/ds/anaconda3/envs/crawl/lib/python3.7/site-packages/selenium/webdriver/remote/webdriver.py", line 321, in execute
    self.error_handler.check_response(response)
  File "/home/ds/anaconda3/envs/crawl/lib/python3.7/site-packages/selenium/webdriver/remote/errorhandler.py", line 242, in check_response
    raise exception_class(message, screen, stacktrace)
selenium.common.exceptions.NoSuchElementException: Message: no such element: Unable to locate element: {"method":"xpath","selector":"//div[@class="attractions-attraction-detail-about-card-AttractionDetailAboutCard__section--1_Efg"]"}
  (Session info: chrome=79.0.3945.130)


60, ION Orchard, Family, page: None, None, 2020-01-30 16:23:59.528413
Traceback (most recent call last):
  File "/home/ds/git/STB_social_media_analytics/tripadvisor/tripadvisor_crawler.py", line 173, in crawl_poi_by_trip_type
    self.crawl_attributes()
  File "/home/ds/git/STB_social_media_analytics/tripadvisor/tripadvisor_crawler.py", line 253, in crawl_attributes
    '//div[@class="attractions-attraction-detail-about-card-AttractionDetailAboutCard__section--1_Efg"]')\
  File "/home/ds/anaconda3/envs/crawl/lib/python3.7/site-packages/selenium/webdriver/remote/webdriver.py", line 394, in find_element_by_xpath
    return self.find_element(by=By.XPATH, value=xpath)
  File "/home/ds/anaconda3/envs/crawl/lib/python3.7/site-packages/selenium/webdriver/remote/webdriver.py", line 978, in find_element
    'value': value})['value']
  File "/home/ds/anaconda3/envs/crawl/lib/python3.7/site-packages/selenium/webdriver/remote/webdriver.py", line 321, in execute
    self.error_handler.check_response(response)
  File "/home/ds/anaconda3/envs/crawl/lib/python3.7/site-packages/selenium/webdriver/remote/errorhandler.py", line 242, in check_response
    raise exception_class(message, screen, stacktrace)
selenium.common.exceptions.NoSuchElementException: Message: no such element: Unable to locate element: {"method":"xpath","selector":"//div[@class="attractions-attraction-detail-about-card-AttractionDetailAboutCard__section--1_Efg"]"}
  (Session info: chrome=79.0.3945.130)


60, ION Orchard, Family, page: None, None, 2020-01-30 16:24:13.399350
Traceback (most recent call last):
  File "/home/ds/git/STB_social_media_analytics/tripadvisor/tripadvisor_crawler.py", line 165, in crawl_poi_by_trip_type
    '//div[@data-tracker="{}"]'.format(self.current_trip_type))
  File "/home/ds/anaconda3/envs/crawl/lib/python3.7/site-packages/selenium/webdriver/remote/webdriver.py", line 394, in find_element_by_xpath
    return self.find_element(by=By.XPATH, value=xpath)
  File "/home/ds/anaconda3/envs/crawl/lib/python3.7/site-packages/selenium/webdriver/remote/webdriver.py", line 978, in find_element
    'value': value})['value']
  File "/home/ds/anaconda3/envs/crawl/lib/python3.7/site-packages/selenium/webdriver/remote/webdriver.py", line 321, in execute
    self.error_handler.check_response(response)
  File "/home/ds/anaconda3/envs/crawl/lib/python3.7/site-packages/selenium/webdriver/remote/errorhandler.py", line 242, in check_response
    raise exception_class(message, screen, stacktrace)
selenium.common.exceptions.NoSuchElementException: Message: no such element: Unable to locate element: {"method":"xpath","selector":"//div[@data-tracker="Family"]"}
  (Session info: chrome=79.0.3945.130)


60, ION Orchard, Family, page: None, None, 2020-01-30 16:24:27.469295
Traceback (most recent call last):
  File "/home/ds/git/STB_social_media_analytics/tripadvisor/tripadvisor_crawler.py", line 165, in crawl_poi_by_trip_type
    '//div[@data-tracker="{}"]'.format(self.current_trip_type))
  File "/home/ds/anaconda3/envs/crawl/lib/python3.7/site-packages/selenium/webdriver/remote/webdriver.py", line 394, in find_element_by_xpath
    return self.find_element(by=By.XPATH, value=xpath)
  File "/home/ds/anaconda3/envs/crawl/lib/python3.7/site-packages/selenium/webdriver/remote/webdriver.py", line 978, in find_element
    'value': value})['value']
  File "/home/ds/anaconda3/envs/crawl/lib/python3.7/site-packages/selenium/webdriver/remote/webdriver.py", line 321, in execute
    self.error_handler.check_response(response)
  File "/home/ds/anaconda3/envs/crawl/lib/python3.7/site-packages/selenium/webdriver/remote/errorhandler.py", line 242, in check_response
    raise exception_class(message, screen, stacktrace)
selenium.common.exceptions.NoSuchElementException: Message: no such element: Unable to locate element: {"method":"xpath","selector":"//div[@data-tracker="Family"]"}
  (Session info: chrome=79.0.3945.130)


60, ION Orchard, Family, page: None, None, 2020-01-30 16:24:41.626653
Traceback (most recent call last):
  File "/home/ds/git/STB_social_media_analytics/tripadvisor/tripadvisor_crawler.py", line 165, in crawl_poi_by_trip_type
    '//div[@data-tracker="{}"]'.format(self.current_trip_type))
  File "/home/ds/anaconda3/envs/crawl/lib/python3.7/site-packages/selenium/webdriver/remote/webdriver.py", line 394, in find_element_by_xpath
    return self.find_element(by=By.XPATH, value=xpath)
  File "/home/ds/anaconda3/envs/crawl/lib/python3.7/site-packages/selenium/webdriver/remote/webdriver.py", line 978, in find_element
    'value': value})['value']
  File "/home/ds/anaconda3/envs/crawl/lib/python3.7/site-packages/selenium/webdriver/remote/webdriver.py", line 321, in execute
    self.error_handler.check_response(response)
  File "/home/ds/anaconda3/envs/crawl/lib/python3.7/site-packages/selenium/webdriver/remote/errorhandler.py", line 242, in check_response
    raise exception_class(message, screen, stacktrace)
selenium.common.exceptions.NoSuchElementException: Message: no such element: Unable to locate element: {"method":"xpath","selector":"//div[@data-tracker="Family"]"}
  (Session info: chrome=79.0.3945.130)


60, ION Orchard, Family, page: None, None, 2020-01-30 16:25:00.432227
Traceback (most recent call last):
  File "/home/ds/git/STB_social_media_analytics/tripadvisor/tripadvisor_crawler.py", line 173, in crawl_poi_by_trip_type
    self.crawl_attributes()
  File "/home/ds/git/STB_social_media_analytics/tripadvisor/tripadvisor_crawler.py", line 253, in crawl_attributes
    '//div[@class="attractions-attraction-detail-about-card-AttractionDetailAboutCard__section--1_Efg"]')\
  File "/home/ds/anaconda3/envs/crawl/lib/python3.7/site-packages/selenium/webdriver/remote/webdriver.py", line 394, in find_element_by_xpath
    return self.find_element(by=By.XPATH, value=xpath)
  File "/home/ds/anaconda3/envs/crawl/lib/python3.7/site-packages/selenium/webdriver/remote/webdriver.py", line 978, in find_element
    'value': value})['value']
  File "/home/ds/anaconda3/envs/crawl/lib/python3.7/site-packages/selenium/webdriver/remote/webdriver.py", line 321, in execute
    self.error_handler.check_response(response)
  File "/home/ds/anaconda3/envs/crawl/lib/python3.7/site-packages/selenium/webdriver/remote/errorhandler.py", line 242, in check_response
    raise exception_class(message, screen, stacktrace)
selenium.common.exceptions.NoSuchElementException: Message: no such element: Unable to locate element: {"method":"xpath","selector":"//div[@class="attractions-attraction-detail-about-card-AttractionDetailAboutCard__section--1_Efg"]"}
  (Session info: chrome=79.0.3945.130)


60, ION Orchard, Family, page: None, None, 2020-01-30 16:25:18.574271
Traceback (most recent call last):
  File "/home/ds/git/STB_social_media_analytics/tripadvisor/tripadvisor_crawler.py", line 173, in crawl_poi_by_trip_type
    self.crawl_attributes()
  File "/home/ds/git/STB_social_media_analytics/tripadvisor/tripadvisor_crawler.py", line 253, in crawl_attributes
    '//div[@class="attractions-attraction-detail-about-card-AttractionDetailAboutCard__section--1_Efg"]')\
  File "/home/ds/anaconda3/envs/crawl/lib/python3.7/site-packages/selenium/webdriver/remote/webdriver.py", line 394, in find_element_by_xpath
    return self.find_element(by=By.XPATH, value=xpath)
  File "/home/ds/anaconda3/envs/crawl/lib/python3.7/site-packages/selenium/webdriver/remote/webdriver.py", line 978, in find_element
    'value': value})['value']
  File "/home/ds/anaconda3/envs/crawl/lib/python3.7/site-packages/selenium/webdriver/remote/webdriver.py", line 321, in execute
    self.error_handler.check_response(response)
  File "/home/ds/anaconda3/envs/crawl/lib/python3.7/site-packages/selenium/webdriver/remote/errorhandler.py", line 242, in check_response
    raise exception_class(message, screen, stacktrace)
selenium.common.exceptions.NoSuchElementException: Message: no such element: Unable to locate element: {"method":"xpath","selector":"//div[@class="attractions-attraction-detail-about-card-AttractionDetailAboutCard__section--1_Efg"]"}
  (Session info: chrome=79.0.3945.130)


60, ION Orchard, Family, page: None, None, 2020-01-30 16:25:33.629088
Traceback (most recent call last):
  File "/home/ds/git/STB_social_media_analytics/tripadvisor/tripadvisor_crawler.py", line 165, in crawl_poi_by_trip_type
    '//div[@data-tracker="{}"]'.format(self.current_trip_type))
  File "/home/ds/anaconda3/envs/crawl/lib/python3.7/site-packages/selenium/webdriver/remote/webdriver.py", line 394, in find_element_by_xpath
    return self.find_element(by=By.XPATH, value=xpath)
  File "/home/ds/anaconda3/envs/crawl/lib/python3.7/site-packages/selenium/webdriver/remote/webdriver.py", line 978, in find_element
    'value': value})['value']
  File "/home/ds/anaconda3/envs/crawl/lib/python3.7/site-packages/selenium/webdriver/remote/webdriver.py", line 321, in execute
    self.error_handler.check_response(response)
  File "/home/ds/anaconda3/envs/crawl/lib/python3.7/site-packages/selenium/webdriver/remote/errorhandler.py", line 242, in check_response
    raise exception_class(message, screen, stacktrace)
selenium.common.exceptions.NoSuchElementException: Message: no such element: Unable to locate element: {"method":"xpath","selector":"//div[@data-tracker="Family"]"}
  (Session info: chrome=79.0.3945.130)


60, ION Orchard, Family, page: None, None, 2020-01-30 16:25:48.278289
Traceback (most recent call last):
  File "/home/ds/git/STB_social_media_analytics/tripadvisor/tripadvisor_crawler.py", line 165, in crawl_poi_by_trip_type
    '//div[@data-tracker="{}"]'.format(self.current_trip_type))
  File "/home/ds/anaconda3/envs/crawl/lib/python3.7/site-packages/selenium/webdriver/remote/webdriver.py", line 394, in find_element_by_xpath
    return self.find_element(by=By.XPATH, value=xpath)
  File "/home/ds/anaconda3/envs/crawl/lib/python3.7/site-packages/selenium/webdriver/remote/webdriver.py", line 978, in find_element
    'value': value})['value']
  File "/home/ds/anaconda3/envs/crawl/lib/python3.7/site-packages/selenium/webdriver/remote/webdriver.py", line 321, in execute
    self.error_handler.check_response(response)
  File "/home/ds/anaconda3/envs/crawl/lib/python3.7/site-packages/selenium/webdriver/remote/errorhandler.py", line 242, in check_response
    raise exception_class(message, screen, stacktrace)
selenium.common.exceptions.NoSuchElementException: Message: no such element: Unable to locate element: {"method":"xpath","selector":"//div[@data-tracker="Family"]"}
  (Session info: chrome=79.0.3945.130)


60, ION Orchard, Family, page: None, None, 2020-01-30 16:26:01.181203
Traceback (most recent call last):
  File "/home/ds/git/STB_social_media_analytics/tripadvisor/tripadvisor_crawler.py", line 165, in crawl_poi_by_trip_type
    '//div[@data-tracker="{}"]'.format(self.current_trip_type))
  File "/home/ds/anaconda3/envs/crawl/lib/python3.7/site-packages/selenium/webdriver/remote/webdriver.py", line 394, in find_element_by_xpath
    return self.find_element(by=By.XPATH, value=xpath)
  File "/home/ds/anaconda3/envs/crawl/lib/python3.7/site-packages/selenium/webdriver/remote/webdriver.py", line 978, in find_element
    'value': value})['value']
  File "/home/ds/anaconda3/envs/crawl/lib/python3.7/site-packages/selenium/webdriver/remote/webdriver.py", line 321, in execute
    self.error_handler.check_response(response)
  File "/home/ds/anaconda3/envs/crawl/lib/python3.7/site-packages/selenium/webdriver/remote/errorhandler.py", line 242, in check_response
    raise exception_class(message, screen, stacktrace)
selenium.common.exceptions.NoSuchElementException: Message: no such element: Unable to locate element: {"method":"xpath","selector":"//div[@data-tracker="Family"]"}
  (Session info: chrome=79.0.3945.130)


60, ION Orchard, Family, page: None, None, 2020-01-30 16:26:15.651400
Traceback (most recent call last):
  File "/home/ds/git/STB_social_media_analytics/tripadvisor/tripadvisor_crawler.py", line 165, in crawl_poi_by_trip_type
    '//div[@data-tracker="{}"]'.format(self.current_trip_type))
  File "/home/ds/anaconda3/envs/crawl/lib/python3.7/site-packages/selenium/webdriver/remote/webdriver.py", line 394, in find_element_by_xpath
    return self.find_element(by=By.XPATH, value=xpath)
  File "/home/ds/anaconda3/envs/crawl/lib/python3.7/site-packages/selenium/webdriver/remote/webdriver.py", line 978, in find_element
    'value': value})['value']
  File "/home/ds/anaconda3/envs/crawl/lib/python3.7/site-packages/selenium/webdriver/remote/webdriver.py", line 321, in execute
    self.error_handler.check_response(response)
  File "/home/ds/anaconda3/envs/crawl/lib/python3.7/site-packages/selenium/webdriver/remote/errorhandler.py", line 242, in check_response
    raise exception_class(message, screen, stacktrace)
selenium.common.exceptions.NoSuchElementException: Message: no such element: Unable to locate element: {"method":"xpath","selector":"//div[@data-tracker="Family"]"}
  (Session info: chrome=79.0.3945.130)


60, ION Orchard, Family, page: None, None, 2020-01-30 16:26:29.988655
Traceback (most recent call last):
  File "/home/ds/git/STB_social_media_analytics/tripadvisor/tripadvisor_crawler.py", line 165, in crawl_poi_by_trip_type
    '//div[@data-tracker="{}"]'.format(self.current_trip_type))
  File "/home/ds/anaconda3/envs/crawl/lib/python3.7/site-packages/selenium/webdriver/remote/webdriver.py", line 394, in find_element_by_xpath
    return self.find_element(by=By.XPATH, value=xpath)
  File "/home/ds/anaconda3/envs/crawl/lib/python3.7/site-packages/selenium/webdriver/remote/webdriver.py", line 978, in find_element
    'value': value})['value']
  File "/home/ds/anaconda3/envs/crawl/lib/python3.7/site-packages/selenium/webdriver/remote/webdriver.py", line 321, in execute
    self.error_handler.check_response(response)
  File "/home/ds/anaconda3/envs/crawl/lib/python3.7/site-packages/selenium/webdriver/remote/errorhandler.py", line 242, in check_response
    raise exception_class(message, screen, stacktrace)
selenium.common.exceptions.NoSuchElementException: Message: no such element: Unable to locate element: {"method":"xpath","selector":"//div[@data-tracker="Family"]"}
  (Session info: chrome=79.0.3945.130)


60, ION Orchard, Family, page: None, None, 2020-01-30 16:26:49.363628
Traceback (most recent call last):
  File "/home/ds/git/STB_social_media_analytics/tripadvisor/tripadvisor_crawler.py", line 173, in crawl_poi_by_trip_type
    self.crawl_attributes()
  File "/home/ds/git/STB_social_media_analytics/tripadvisor/tripadvisor_crawler.py", line 253, in crawl_attributes
    '//div[@class="attractions-attraction-detail-about-card-AttractionDetailAboutCard__section--1_Efg"]')\
  File "/home/ds/anaconda3/envs/crawl/lib/python3.7/site-packages/selenium/webdriver/remote/webdriver.py", line 394, in find_element_by_xpath
    return self.find_element(by=By.XPATH, value=xpath)
  File "/home/ds/anaconda3/envs/crawl/lib/python3.7/site-packages/selenium/webdriver/remote/webdriver.py", line 978, in find_element
    'value': value})['value']
  File "/home/ds/anaconda3/envs/crawl/lib/python3.7/site-packages/selenium/webdriver/remote/webdriver.py", line 321, in execute
    self.error_handler.check_response(response)
  File "/home/ds/anaconda3/envs/crawl/lib/python3.7/site-packages/selenium/webdriver/remote/errorhandler.py", line 242, in check_response
    raise exception_class(message, screen, stacktrace)
selenium.common.exceptions.NoSuchElementException: Message: no such element: Unable to locate element: {"method":"xpath","selector":"//div[@class="attractions-attraction-detail-about-card-AttractionDetailAboutCard__section--1_Efg"]"}
  (Session info: chrome=79.0.3945.130)


60, ION Orchard, Family, page: None, None, 2020-01-30 16:27:07.779902
Traceback (most recent call last):
  File "/home/ds/git/STB_social_media_analytics/tripadvisor/tripadvisor_crawler.py", line 173, in crawl_poi_by_trip_type
    self.crawl_attributes()
  File "/home/ds/git/STB_social_media_analytics/tripadvisor/tripadvisor_crawler.py", line 253, in crawl_attributes
    '//div[@class="attractions-attraction-detail-about-card-AttractionDetailAboutCard__section--1_Efg"]')\
  File "/home/ds/anaconda3/envs/crawl/lib/python3.7/site-packages/selenium/webdriver/remote/webdriver.py", line 394, in find_element_by_xpath
    return self.find_element(by=By.XPATH, value=xpath)
  File "/home/ds/anaconda3/envs/crawl/lib/python3.7/site-packages/selenium/webdriver/remote/webdriver.py", line 978, in find_element
    'value': value})['value']
  File "/home/ds/anaconda3/envs/crawl/lib/python3.7/site-packages/selenium/webdriver/remote/webdriver.py", line 321, in execute
    self.error_handler.check_response(response)
  File "/home/ds/anaconda3/envs/crawl/lib/python3.7/site-packages/selenium/webdriver/remote/errorhandler.py", line 242, in check_response
    raise exception_class(message, screen, stacktrace)
selenium.common.exceptions.NoSuchElementException: Message: no such element: Unable to locate element: {"method":"xpath","selector":"//div[@class="attractions-attraction-detail-about-card-AttractionDetailAboutCard__section--1_Efg"]"}
  (Session info: chrome=79.0.3945.130)


60, ION Orchard, Family, page: None, None, 2020-01-30 16:27:21.485407
Traceback (most recent call last):
  File "/home/ds/git/STB_social_media_analytics/tripadvisor/tripadvisor_crawler.py", line 165, in crawl_poi_by_trip_type
    '//div[@data-tracker="{}"]'.format(self.current_trip_type))
  File "/home/ds/anaconda3/envs/crawl/lib/python3.7/site-packages/selenium/webdriver/remote/webdriver.py", line 394, in find_element_by_xpath
    return self.find_element(by=By.XPATH, value=xpath)
  File "/home/ds/anaconda3/envs/crawl/lib/python3.7/site-packages/selenium/webdriver/remote/webdriver.py", line 978, in find_element
    'value': value})['value']
  File "/home/ds/anaconda3/envs/crawl/lib/python3.7/site-packages/selenium/webdriver/remote/webdriver.py", line 321, in execute
    self.error_handler.check_response(response)
  File "/home/ds/anaconda3/envs/crawl/lib/python3.7/site-packages/selenium/webdriver/remote/errorhandler.py", line 242, in check_response
    raise exception_class(message, screen, stacktrace)
selenium.common.exceptions.NoSuchElementException: Message: no such element: Unable to locate element: {"method":"xpath","selector":"//div[@data-tracker="Family"]"}
  (Session info: chrome=79.0.3945.130)


60, ION Orchard, Family, page: None, None, 2020-01-30 16:27:39.050073
Traceback (most recent call last):
  File "/home/ds/git/STB_social_media_analytics/tripadvisor/tripadvisor_crawler.py", line 173, in crawl_poi_by_trip_type
    self.crawl_attributes()
  File "/home/ds/git/STB_social_media_analytics/tripadvisor/tripadvisor_crawler.py", line 253, in crawl_attributes
    '//div[@class="attractions-attraction-detail-about-card-AttractionDetailAboutCard__section--1_Efg"]')\
  File "/home/ds/anaconda3/envs/crawl/lib/python3.7/site-packages/selenium/webdriver/remote/webdriver.py", line 394, in find_element_by_xpath
    return self.find_element(by=By.XPATH, value=xpath)
  File "/home/ds/anaconda3/envs/crawl/lib/python3.7/site-packages/selenium/webdriver/remote/webdriver.py", line 978, in find_element
    'value': value})['value']
  File "/home/ds/anaconda3/envs/crawl/lib/python3.7/site-packages/selenium/webdriver/remote/webdriver.py", line 321, in execute
    self.error_handler.check_response(response)
  File "/home/ds/anaconda3/envs/crawl/lib/python3.7/site-packages/selenium/webdriver/remote/errorhandler.py", line 242, in check_response
    raise exception_class(message, screen, stacktrace)
selenium.common.exceptions.NoSuchElementException: Message: no such element: Unable to locate element: {"method":"xpath","selector":"//div[@class="attractions-attraction-detail-about-card-AttractionDetailAboutCard__section--1_Efg"]"}
  (Session info: chrome=79.0.3945.130)


60, ION Orchard, Family, page: None, None, 2020-01-30 16:27:56.530488
Traceback (most recent call last):
  File "/home/ds/git/STB_social_media_analytics/tripadvisor/tripadvisor_crawler.py", line 173, in crawl_poi_by_trip_type
    self.crawl_attributes()
  File "/home/ds/git/STB_social_media_analytics/tripadvisor/tripadvisor_crawler.py", line 253, in crawl_attributes
    '//div[@class="attractions-attraction-detail-about-card-AttractionDetailAboutCard__section--1_Efg"]')\
  File "/home/ds/anaconda3/envs/crawl/lib/python3.7/site-packages/selenium/webdriver/remote/webdriver.py", line 394, in find_element_by_xpath
    return self.find_element(by=By.XPATH, value=xpath)
  File "/home/ds/anaconda3/envs/crawl/lib/python3.7/site-packages/selenium/webdriver/remote/webdriver.py", line 978, in find_element
    'value': value})['value']
  File "/home/ds/anaconda3/envs/crawl/lib/python3.7/site-packages/selenium/webdriver/remote/webdriver.py", line 321, in execute
    self.error_handler.check_response(response)
  File "/home/ds/anaconda3/envs/crawl/lib/python3.7/site-packages/selenium/webdriver/remote/errorhandler.py", line 242, in check_response
    raise exception_class(message, screen, stacktrace)
selenium.common.exceptions.NoSuchElementException: Message: no such element: Unable to locate element: {"method":"xpath","selector":"//div[@class="attractions-attraction-detail-about-card-AttractionDetailAboutCard__section--1_Efg"]"}
  (Session info: chrome=79.0.3945.130)


60, ION Orchard, Family, page: None, None, 2020-01-30 16:28:14.489382
Traceback (most recent call last):
  File "/home/ds/git/STB_social_media_analytics/tripadvisor/tripadvisor_crawler.py", line 173, in crawl_poi_by_trip_type
    self.crawl_attributes()
  File "/home/ds/git/STB_social_media_analytics/tripadvisor/tripadvisor_crawler.py", line 253, in crawl_attributes
    '//div[@class="attractions-attraction-detail-about-card-AttractionDetailAboutCard__section--1_Efg"]')\
  File "/home/ds/anaconda3/envs/crawl/lib/python3.7/site-packages/selenium/webdriver/remote/webdriver.py", line 394, in find_element_by_xpath
    return self.find_element(by=By.XPATH, value=xpath)
  File "/home/ds/anaconda3/envs/crawl/lib/python3.7/site-packages/selenium/webdriver/remote/webdriver.py", line 978, in find_element
    'value': value})['value']
  File "/home/ds/anaconda3/envs/crawl/lib/python3.7/site-packages/selenium/webdriver/remote/webdriver.py", line 321, in execute
    self.error_handler.check_response(response)
  File "/home/ds/anaconda3/envs/crawl/lib/python3.7/site-packages/selenium/webdriver/remote/errorhandler.py", line 242, in check_response
    raise exception_class(message, screen, stacktrace)
selenium.common.exceptions.NoSuchElementException: Message: no such element: Unable to locate element: {"method":"xpath","selector":"//div[@class="attractions-attraction-detail-about-card-AttractionDetailAboutCard__section--1_Efg"]"}
  (Session info: chrome=79.0.3945.130)


60, ION Orchard, Family, page: None, None, 2020-01-30 16:28:32.504326
Traceback (most recent call last):
  File "/home/ds/git/STB_social_media_analytics/tripadvisor/tripadvisor_crawler.py", line 173, in crawl_poi_by_trip_type
    self.crawl_attributes()
  File "/home/ds/git/STB_social_media_analytics/tripadvisor/tripadvisor_crawler.py", line 253, in crawl_attributes
    '//div[@class="attractions-attraction-detail-about-card-AttractionDetailAboutCard__section--1_Efg"]')\
  File "/home/ds/anaconda3/envs/crawl/lib/python3.7/site-packages/selenium/webdriver/remote/webdriver.py", line 394, in find_element_by_xpath
    return self.find_element(by=By.XPATH, value=xpath)
  File "/home/ds/anaconda3/envs/crawl/lib/python3.7/site-packages/selenium/webdriver/remote/webdriver.py", line 978, in find_element
    'value': value})['value']
  File "/home/ds/anaconda3/envs/crawl/lib/python3.7/site-packages/selenium/webdriver/remote/webdriver.py", line 321, in execute
    self.error_handler.check_response(response)
  File "/home/ds/anaconda3/envs/crawl/lib/python3.7/site-packages/selenium/webdriver/remote/errorhandler.py", line 242, in check_response
    raise exception_class(message, screen, stacktrace)
selenium.common.exceptions.NoSuchElementException: Message: no such element: Unable to locate element: {"method":"xpath","selector":"//div[@class="attractions-attraction-detail-about-card-AttractionDetailAboutCard__section--1_Efg"]"}
  (Session info: chrome=79.0.3945.130)


60, ION Orchard, Family, page: None, None, 2020-01-30 16:28:50.646249
Traceback (most recent call last):
  File "/home/ds/git/STB_social_media_analytics/tripadvisor/tripadvisor_crawler.py", line 173, in crawl_poi_by_trip_type
    self.crawl_attributes()
  File "/home/ds/git/STB_social_media_analytics/tripadvisor/tripadvisor_crawler.py", line 253, in crawl_attributes
    '//div[@class="attractions-attraction-detail-about-card-AttractionDetailAboutCard__section--1_Efg"]')\
  File "/home/ds/anaconda3/envs/crawl/lib/python3.7/site-packages/selenium/webdriver/remote/webdriver.py", line 394, in find_element_by_xpath
    return self.find_element(by=By.XPATH, value=xpath)
  File "/home/ds/anaconda3/envs/crawl/lib/python3.7/site-packages/selenium/webdriver/remote/webdriver.py", line 978, in find_element
    'value': value})['value']
  File "/home/ds/anaconda3/envs/crawl/lib/python3.7/site-packages/selenium/webdriver/remote/webdriver.py", line 321, in execute
    self.error_handler.check_response(response)
  File "/home/ds/anaconda3/envs/crawl/lib/python3.7/site-packages/selenium/webdriver/remote/errorhandler.py", line 242, in check_response
    raise exception_class(message, screen, stacktrace)
selenium.common.exceptions.NoSuchElementException: Message: no such element: Unable to locate element: {"method":"xpath","selector":"//div[@class="attractions-attraction-detail-about-card-AttractionDetailAboutCard__section--1_Efg"]"}
  (Session info: chrome=79.0.3945.130)


60, ION Orchard, Family, page: None, None, 2020-01-30 16:29:09.387065
Traceback (most recent call last):
  File "/home/ds/git/STB_social_media_analytics/tripadvisor/tripadvisor_crawler.py", line 173, in crawl_poi_by_trip_type
    self.crawl_attributes()
  File "/home/ds/git/STB_social_media_analytics/tripadvisor/tripadvisor_crawler.py", line 253, in crawl_attributes
    '//div[@class="attractions-attraction-detail-about-card-AttractionDetailAboutCard__section--1_Efg"]')\
  File "/home/ds/anaconda3/envs/crawl/lib/python3.7/site-packages/selenium/webdriver/remote/webdriver.py", line 394, in find_element_by_xpath
    return self.find_element(by=By.XPATH, value=xpath)
  File "/home/ds/anaconda3/envs/crawl/lib/python3.7/site-packages/selenium/webdriver/remote/webdriver.py", line 978, in find_element
    'value': value})['value']
  File "/home/ds/anaconda3/envs/crawl/lib/python3.7/site-packages/selenium/webdriver/remote/webdriver.py", line 321, in execute
    self.error_handler.check_response(response)
  File "/home/ds/anaconda3/envs/crawl/lib/python3.7/site-packages/selenium/webdriver/remote/errorhandler.py", line 242, in check_response
    raise exception_class(message, screen, stacktrace)
selenium.common.exceptions.NoSuchElementException: Message: no such element: Unable to locate element: {"method":"xpath","selector":"//div[@class="attractions-attraction-detail-about-card-AttractionDetailAboutCard__section--1_Efg"]"}
  (Session info: chrome=79.0.3945.130)


60, ION Orchard, Family, page: None, None, 2020-01-30 16:29:23.249637
Traceback (most recent call last):
  File "/home/ds/git/STB_social_media_analytics/tripadvisor/tripadvisor_crawler.py", line 165, in crawl_poi_by_trip_type
    '//div[@data-tracker="{}"]'.format(self.current_trip_type))
  File "/home/ds/anaconda3/envs/crawl/lib/python3.7/site-packages/selenium/webdriver/remote/webdriver.py", line 394, in find_element_by_xpath
    return self.find_element(by=By.XPATH, value=xpath)
  File "/home/ds/anaconda3/envs/crawl/lib/python3.7/site-packages/selenium/webdriver/remote/webdriver.py", line 978, in find_element
    'value': value})['value']
  File "/home/ds/anaconda3/envs/crawl/lib/python3.7/site-packages/selenium/webdriver/remote/webdriver.py", line 321, in execute
    self.error_handler.check_response(response)
  File "/home/ds/anaconda3/envs/crawl/lib/python3.7/site-packages/selenium/webdriver/remote/errorhandler.py", line 242, in check_response
    raise exception_class(message, screen, stacktrace)
selenium.common.exceptions.NoSuchElementException: Message: no such element: Unable to locate element: {"method":"xpath","selector":"//div[@data-tracker="Family"]"}
  (Session info: chrome=79.0.3945.130)


60, ION Orchard, Family, page: None, None, 2020-01-30 16:29:37.778856
Traceback (most recent call last):
  File "/home/ds/git/STB_social_media_analytics/tripadvisor/tripadvisor_crawler.py", line 165, in crawl_poi_by_trip_type
    '//div[@data-tracker="{}"]'.format(self.current_trip_type))
  File "/home/ds/anaconda3/envs/crawl/lib/python3.7/site-packages/selenium/webdriver/remote/webdriver.py", line 394, in find_element_by_xpath
    return self.find_element(by=By.XPATH, value=xpath)
  File "/home/ds/anaconda3/envs/crawl/lib/python3.7/site-packages/selenium/webdriver/remote/webdriver.py", line 978, in find_element
    'value': value})['value']
  File "/home/ds/anaconda3/envs/crawl/lib/python3.7/site-packages/selenium/webdriver/remote/webdriver.py", line 321, in execute
    self.error_handler.check_response(response)
  File "/home/ds/anaconda3/envs/crawl/lib/python3.7/site-packages/selenium/webdriver/remote/errorhandler.py", line 242, in check_response
    raise exception_class(message, screen, stacktrace)
selenium.common.exceptions.NoSuchElementException: Message: no such element: Unable to locate element: {"method":"xpath","selector":"//div[@data-tracker="Family"]"}
  (Session info: chrome=79.0.3945.130)


60, ION Orchard, Family, page: None, None, 2020-01-30 16:29:51.987549
Traceback (most recent call last):
  File "/home/ds/git/STB_social_media_analytics/tripadvisor/tripadvisor_crawler.py", line 165, in crawl_poi_by_trip_type
    '//div[@data-tracker="{}"]'.format(self.current_trip_type))
  File "/home/ds/anaconda3/envs/crawl/lib/python3.7/site-packages/selenium/webdriver/remote/webdriver.py", line 394, in find_element_by_xpath
    return self.find_element(by=By.XPATH, value=xpath)
  File "/home/ds/anaconda3/envs/crawl/lib/python3.7/site-packages/selenium/webdriver/remote/webdriver.py", line 978, in find_element
    'value': value})['value']
  File "/home/ds/anaconda3/envs/crawl/lib/python3.7/site-packages/selenium/webdriver/remote/webdriver.py", line 321, in execute
    self.error_handler.check_response(response)
  File "/home/ds/anaconda3/envs/crawl/lib/python3.7/site-packages/selenium/webdriver/remote/errorhandler.py", line 242, in check_response
    raise exception_class(message, screen, stacktrace)
selenium.common.exceptions.NoSuchElementException: Message: no such element: Unable to locate element: {"method":"xpath","selector":"//div[@data-tracker="Family"]"}
  (Session info: chrome=79.0.3945.130)


60, ION Orchard, Family, page: None, None, 2020-01-30 16:30:06.000704
Traceback (most recent call last):
  File "/home/ds/git/STB_social_media_analytics/tripadvisor/tripadvisor_crawler.py", line 165, in crawl_poi_by_trip_type
    '//div[@data-tracker="{}"]'.format(self.current_trip_type))
  File "/home/ds/anaconda3/envs/crawl/lib/python3.7/site-packages/selenium/webdriver/remote/webdriver.py", line 394, in find_element_by_xpath
    return self.find_element(by=By.XPATH, value=xpath)
  File "/home/ds/anaconda3/envs/crawl/lib/python3.7/site-packages/selenium/webdriver/remote/webdriver.py", line 978, in find_element
    'value': value})['value']
  File "/home/ds/anaconda3/envs/crawl/lib/python3.7/site-packages/selenium/webdriver/remote/webdriver.py", line 321, in execute
    self.error_handler.check_response(response)
  File "/home/ds/anaconda3/envs/crawl/lib/python3.7/site-packages/selenium/webdriver/remote/errorhandler.py", line 242, in check_response
    raise exception_class(message, screen, stacktrace)
selenium.common.exceptions.NoSuchElementException: Message: no such element: Unable to locate element: {"method":"xpath","selector":"//div[@data-tracker="Family"]"}
  (Session info: chrome=79.0.3945.130)


60, ION Orchard, Family, page: None, None, 2020-01-30 16:30:24.527384
Traceback (most recent call last):
  File "/home/ds/git/STB_social_media_analytics/tripadvisor/tripadvisor_crawler.py", line 173, in crawl_poi_by_trip_type
    self.crawl_attributes()
  File "/home/ds/git/STB_social_media_analytics/tripadvisor/tripadvisor_crawler.py", line 253, in crawl_attributes
    '//div[@class="attractions-attraction-detail-about-card-AttractionDetailAboutCard__section--1_Efg"]')\
  File "/home/ds/anaconda3/envs/crawl/lib/python3.7/site-packages/selenium/webdriver/remote/webdriver.py", line 394, in find_element_by_xpath
    return self.find_element(by=By.XPATH, value=xpath)
  File "/home/ds/anaconda3/envs/crawl/lib/python3.7/site-packages/selenium/webdriver/remote/webdriver.py", line 978, in find_element
    'value': value})['value']
  File "/home/ds/anaconda3/envs/crawl/lib/python3.7/site-packages/selenium/webdriver/remote/webdriver.py", line 321, in execute
    self.error_handler.check_response(response)
  File "/home/ds/anaconda3/envs/crawl/lib/python3.7/site-packages/selenium/webdriver/remote/errorhandler.py", line 242, in check_response
    raise exception_class(message, screen, stacktrace)
selenium.common.exceptions.NoSuchElementException: Message: no such element: Unable to locate element: {"method":"xpath","selector":"//div[@class="attractions-attraction-detail-about-card-AttractionDetailAboutCard__section--1_Efg"]"}
  (Session info: chrome=79.0.3945.130)


60, ION Orchard, Family, page: None, None, 2020-01-30 16:30:42.453337
Traceback (most recent call last):
  File "/home/ds/git/STB_social_media_analytics/tripadvisor/tripadvisor_crawler.py", line 173, in crawl_poi_by_trip_type
    self.crawl_attributes()
  File "/home/ds/git/STB_social_media_analytics/tripadvisor/tripadvisor_crawler.py", line 253, in crawl_attributes
    '//div[@class="attractions-attraction-detail-about-card-AttractionDetailAboutCard__section--1_Efg"]')\
  File "/home/ds/anaconda3/envs/crawl/lib/python3.7/site-packages/selenium/webdriver/remote/webdriver.py", line 394, in find_element_by_xpath
    return self.find_element(by=By.XPATH, value=xpath)
  File "/home/ds/anaconda3/envs/crawl/lib/python3.7/site-packages/selenium/webdriver/remote/webdriver.py", line 978, in find_element
    'value': value})['value']
  File "/home/ds/anaconda3/envs/crawl/lib/python3.7/site-packages/selenium/webdriver/remote/webdriver.py", line 321, in execute
    self.error_handler.check_response(response)
  File "/home/ds/anaconda3/envs/crawl/lib/python3.7/site-packages/selenium/webdriver/remote/errorhandler.py", line 242, in check_response
    raise exception_class(message, screen, stacktrace)
selenium.common.exceptions.NoSuchElementException: Message: no such element: Unable to locate element: {"method":"xpath","selector":"//div[@class="attractions-attraction-detail-about-card-AttractionDetailAboutCard__section--1_Efg"]"}
  (Session info: chrome=79.0.3945.130)


60, ION Orchard, Family, page: None, None, 2020-01-30 16:31:01.816518
Traceback (most recent call last):
  File "/home/ds/git/STB_social_media_analytics/tripadvisor/tripadvisor_crawler.py", line 173, in crawl_poi_by_trip_type
    self.crawl_attributes()
  File "/home/ds/git/STB_social_media_analytics/tripadvisor/tripadvisor_crawler.py", line 253, in crawl_attributes
    '//div[@class="attractions-attraction-detail-about-card-AttractionDetailAboutCard__section--1_Efg"]')\
  File "/home/ds/anaconda3/envs/crawl/lib/python3.7/site-packages/selenium/webdriver/remote/webdriver.py", line 394, in find_element_by_xpath
    return self.find_element(by=By.XPATH, value=xpath)
  File "/home/ds/anaconda3/envs/crawl/lib/python3.7/site-packages/selenium/webdriver/remote/webdriver.py", line 978, in find_element
    'value': value})['value']
  File "/home/ds/anaconda3/envs/crawl/lib/python3.7/site-packages/selenium/webdriver/remote/webdriver.py", line 321, in execute
    self.error_handler.check_response(response)
  File "/home/ds/anaconda3/envs/crawl/lib/python3.7/site-packages/selenium/webdriver/remote/errorhandler.py", line 242, in check_response
    raise exception_class(message, screen, stacktrace)
selenium.common.exceptions.NoSuchElementException: Message: no such element: Unable to locate element: {"method":"xpath","selector":"//div[@class="attractions-attraction-detail-about-card-AttractionDetailAboutCard__section--1_Efg"]"}
  (Session info: chrome=79.0.3945.130)


60, ION Orchard, Family, page: None, None, 2020-01-30 16:31:19.810841
Traceback (most recent call last):
  File "/home/ds/git/STB_social_media_analytics/tripadvisor/tripadvisor_crawler.py", line 173, in crawl_poi_by_trip_type
    self.crawl_attributes()
  File "/home/ds/git/STB_social_media_analytics/tripadvisor/tripadvisor_crawler.py", line 253, in crawl_attributes
    '//div[@class="attractions-attraction-detail-about-card-AttractionDetailAboutCard__section--1_Efg"]')\
  File "/home/ds/anaconda3/envs/crawl/lib/python3.7/site-packages/selenium/webdriver/remote/webdriver.py", line 394, in find_element_by_xpath
    return self.find_element(by=By.XPATH, value=xpath)
  File "/home/ds/anaconda3/envs/crawl/lib/python3.7/site-packages/selenium/webdriver/remote/webdriver.py", line 978, in find_element
    'value': value})['value']
  File "/home/ds/anaconda3/envs/crawl/lib/python3.7/site-packages/selenium/webdriver/remote/webdriver.py", line 321, in execute
    self.error_handler.check_response(response)
  File "/home/ds/anaconda3/envs/crawl/lib/python3.7/site-packages/selenium/webdriver/remote/errorhandler.py", line 242, in check_response
    raise exception_class(message, screen, stacktrace)
selenium.common.exceptions.NoSuchElementException: Message: no such element: Unable to locate element: {"method":"xpath","selector":"//div[@class="attractions-attraction-detail-about-card-AttractionDetailAboutCard__section--1_Efg"]"}
  (Session info: chrome=79.0.3945.130)


60, ION Orchard, Family, page: None, None, 2020-01-30 16:31:33.111026
Traceback (most recent call last):
  File "/home/ds/git/STB_social_media_analytics/tripadvisor/tripadvisor_crawler.py", line 165, in crawl_poi_by_trip_type
    '//div[@data-tracker="{}"]'.format(self.current_trip_type))
  File "/home/ds/anaconda3/envs/crawl/lib/python3.7/site-packages/selenium/webdriver/remote/webdriver.py", line 394, in find_element_by_xpath
    return self.find_element(by=By.XPATH, value=xpath)
  File "/home/ds/anaconda3/envs/crawl/lib/python3.7/site-packages/selenium/webdriver/remote/webdriver.py", line 978, in find_element
    'value': value})['value']
  File "/home/ds/anaconda3/envs/crawl/lib/python3.7/site-packages/selenium/webdriver/remote/webdriver.py", line 321, in execute
    self.error_handler.check_response(response)
  File "/home/ds/anaconda3/envs/crawl/lib/python3.7/site-packages/selenium/webdriver/remote/errorhandler.py", line 242, in check_response
    raise exception_class(message, screen, stacktrace)
selenium.common.exceptions.NoSuchElementException: Message: no such element: Unable to locate element: {"method":"xpath","selector":"//div[@data-tracker="Family"]"}
  (Session info: chrome=79.0.3945.130)


60, ION Orchard, Family, page: None, None, 2020-01-30 16:31:51.139470
Traceback (most recent call last):
  File "/home/ds/git/STB_social_media_analytics/tripadvisor/tripadvisor_crawler.py", line 173, in crawl_poi_by_trip_type
    self.crawl_attributes()
  File "/home/ds/git/STB_social_media_analytics/tripadvisor/tripadvisor_crawler.py", line 253, in crawl_attributes
    '//div[@class="attractions-attraction-detail-about-card-AttractionDetailAboutCard__section--1_Efg"]')\
  File "/home/ds/anaconda3/envs/crawl/lib/python3.7/site-packages/selenium/webdriver/remote/webdriver.py", line 394, in find_element_by_xpath
    return self.find_element(by=By.XPATH, value=xpath)
  File "/home/ds/anaconda3/envs/crawl/lib/python3.7/site-packages/selenium/webdriver/remote/webdriver.py", line 978, in find_element
    'value': value})['value']
  File "/home/ds/anaconda3/envs/crawl/lib/python3.7/site-packages/selenium/webdriver/remote/webdriver.py", line 321, in execute
    self.error_handler.check_response(response)
  File "/home/ds/anaconda3/envs/crawl/lib/python3.7/site-packages/selenium/webdriver/remote/errorhandler.py", line 242, in check_response
    raise exception_class(message, screen, stacktrace)
selenium.common.exceptions.NoSuchElementException: Message: no such element: Unable to locate element: {"method":"xpath","selector":"//div[@class="attractions-attraction-detail-about-card-AttractionDetailAboutCard__section--1_Efg"]"}
  (Session info: chrome=79.0.3945.130)


60, ION Orchard, Family, page: None, None, 2020-01-30 16:32:04.374257
Traceback (most recent call last):
  File "/home/ds/git/STB_social_media_analytics/tripadvisor/tripadvisor_crawler.py", line 165, in crawl_poi_by_trip_type
    '//div[@data-tracker="{}"]'.format(self.current_trip_type))
  File "/home/ds/anaconda3/envs/crawl/lib/python3.7/site-packages/selenium/webdriver/remote/webdriver.py", line 394, in find_element_by_xpath
    return self.find_element(by=By.XPATH, value=xpath)
  File "/home/ds/anaconda3/envs/crawl/lib/python3.7/site-packages/selenium/webdriver/remote/webdriver.py", line 978, in find_element
    'value': value})['value']
  File "/home/ds/anaconda3/envs/crawl/lib/python3.7/site-packages/selenium/webdriver/remote/webdriver.py", line 321, in execute
    self.error_handler.check_response(response)
  File "/home/ds/anaconda3/envs/crawl/lib/python3.7/site-packages/selenium/webdriver/remote/errorhandler.py", line 242, in check_response
    raise exception_class(message, screen, stacktrace)
selenium.common.exceptions.NoSuchElementException: Message: no such element: Unable to locate element: {"method":"xpath","selector":"//div[@data-tracker="Family"]"}
  (Session info: chrome=79.0.3945.130)


60, ION Orchard, Family, page: None, None, 2020-01-30 16:32:19.240881
Traceback (most recent call last):
  File "/home/ds/git/STB_social_media_analytics/tripadvisor/tripadvisor_crawler.py", line 165, in crawl_poi_by_trip_type
    '//div[@data-tracker="{}"]'.format(self.current_trip_type))
  File "/home/ds/anaconda3/envs/crawl/lib/python3.7/site-packages/selenium/webdriver/remote/webdriver.py", line 394, in find_element_by_xpath
    return self.find_element(by=By.XPATH, value=xpath)
  File "/home/ds/anaconda3/envs/crawl/lib/python3.7/site-packages/selenium/webdriver/remote/webdriver.py", line 978, in find_element
    'value': value})['value']
  File "/home/ds/anaconda3/envs/crawl/lib/python3.7/site-packages/selenium/webdriver/remote/webdriver.py", line 321, in execute
    self.error_handler.check_response(response)
  File "/home/ds/anaconda3/envs/crawl/lib/python3.7/site-packages/selenium/webdriver/remote/errorhandler.py", line 242, in check_response
    raise exception_class(message, screen, stacktrace)
selenium.common.exceptions.NoSuchElementException: Message: no such element: Unable to locate element: {"method":"xpath","selector":"//div[@data-tracker="Family"]"}
  (Session info: chrome=79.0.3945.130)


60, ION Orchard, Family, page: None, None, 2020-01-30 16:32:36.544350
Traceback (most recent call last):
  File "/home/ds/git/STB_social_media_analytics/tripadvisor/tripadvisor_crawler.py", line 173, in crawl_poi_by_trip_type
    self.crawl_attributes()
  File "/home/ds/git/STB_social_media_analytics/tripadvisor/tripadvisor_crawler.py", line 253, in crawl_attributes
    '//div[@class="attractions-attraction-detail-about-card-AttractionDetailAboutCard__section--1_Efg"]')\
  File "/home/ds/anaconda3/envs/crawl/lib/python3.7/site-packages/selenium/webdriver/remote/webdriver.py", line 394, in find_element_by_xpath
    return self.find_element(by=By.XPATH, value=xpath)
  File "/home/ds/anaconda3/envs/crawl/lib/python3.7/site-packages/selenium/webdriver/remote/webdriver.py", line 978, in find_element
    'value': value})['value']
  File "/home/ds/anaconda3/envs/crawl/lib/python3.7/site-packages/selenium/webdriver/remote/webdriver.py", line 321, in execute
    self.error_handler.check_response(response)
  File "/home/ds/anaconda3/envs/crawl/lib/python3.7/site-packages/selenium/webdriver/remote/errorhandler.py", line 242, in check_response
    raise exception_class(message, screen, stacktrace)
selenium.common.exceptions.NoSuchElementException: Message: no such element: Unable to locate element: {"method":"xpath","selector":"//div[@class="attractions-attraction-detail-about-card-AttractionDetailAboutCard__section--1_Efg"]"}
  (Session info: chrome=79.0.3945.130)


60, ION Orchard, Family, page: None, None, 2020-01-30 16:32:53.974719
Traceback (most recent call last):
  File "/home/ds/git/STB_social_media_analytics/tripadvisor/tripadvisor_crawler.py", line 173, in crawl_poi_by_trip_type
    self.crawl_attributes()
  File "/home/ds/git/STB_social_media_analytics/tripadvisor/tripadvisor_crawler.py", line 253, in crawl_attributes
    '//div[@class="attractions-attraction-detail-about-card-AttractionDetailAboutCard__section--1_Efg"]')\
  File "/home/ds/anaconda3/envs/crawl/lib/python3.7/site-packages/selenium/webdriver/remote/webdriver.py", line 394, in find_element_by_xpath
    return self.find_element(by=By.XPATH, value=xpath)
  File "/home/ds/anaconda3/envs/crawl/lib/python3.7/site-packages/selenium/webdriver/remote/webdriver.py", line 978, in find_element
    'value': value})['value']
  File "/home/ds/anaconda3/envs/crawl/lib/python3.7/site-packages/selenium/webdriver/remote/webdriver.py", line 321, in execute
    self.error_handler.check_response(response)
  File "/home/ds/anaconda3/envs/crawl/lib/python3.7/site-packages/selenium/webdriver/remote/errorhandler.py", line 242, in check_response
    raise exception_class(message, screen, stacktrace)
selenium.common.exceptions.NoSuchElementException: Message: no such element: Unable to locate element: {"method":"xpath","selector":"//div[@class="attractions-attraction-detail-about-card-AttractionDetailAboutCard__section--1_Efg"]"}
  (Session info: chrome=79.0.3945.130)


60, ION Orchard, Family, page: None, None, 2020-01-30 16:33:07.623953
Traceback (most recent call last):
  File "/home/ds/git/STB_social_media_analytics/tripadvisor/tripadvisor_crawler.py", line 165, in crawl_poi_by_trip_type
    '//div[@data-tracker="{}"]'.format(self.current_trip_type))
  File "/home/ds/anaconda3/envs/crawl/lib/python3.7/site-packages/selenium/webdriver/remote/webdriver.py", line 394, in find_element_by_xpath
    return self.find_element(by=By.XPATH, value=xpath)
  File "/home/ds/anaconda3/envs/crawl/lib/python3.7/site-packages/selenium/webdriver/remote/webdriver.py", line 978, in find_element
    'value': value})['value']
  File "/home/ds/anaconda3/envs/crawl/lib/python3.7/site-packages/selenium/webdriver/remote/webdriver.py", line 321, in execute
    self.error_handler.check_response(response)
  File "/home/ds/anaconda3/envs/crawl/lib/python3.7/site-packages/selenium/webdriver/remote/errorhandler.py", line 242, in check_response
    raise exception_class(message, screen, stacktrace)
selenium.common.exceptions.NoSuchElementException: Message: no such element: Unable to locate element: {"method":"xpath","selector":"//div[@data-tracker="Family"]"}
  (Session info: chrome=79.0.3945.130)


60, ION Orchard, Family, page: None, None, 2020-01-30 16:33:26.179321
Traceback (most recent call last):
  File "/home/ds/git/STB_social_media_analytics/tripadvisor/tripadvisor_crawler.py", line 173, in crawl_poi_by_trip_type
    self.crawl_attributes()
  File "/home/ds/git/STB_social_media_analytics/tripadvisor/tripadvisor_crawler.py", line 253, in crawl_attributes
    '//div[@class="attractions-attraction-detail-about-card-AttractionDetailAboutCard__section--1_Efg"]')\
  File "/home/ds/anaconda3/envs/crawl/lib/python3.7/site-packages/selenium/webdriver/remote/webdriver.py", line 394, in find_element_by_xpath
    return self.find_element(by=By.XPATH, value=xpath)
  File "/home/ds/anaconda3/envs/crawl/lib/python3.7/site-packages/selenium/webdriver/remote/webdriver.py", line 978, in find_element
    'value': value})['value']
  File "/home/ds/anaconda3/envs/crawl/lib/python3.7/site-packages/selenium/webdriver/remote/webdriver.py", line 321, in execute
    self.error_handler.check_response(response)
  File "/home/ds/anaconda3/envs/crawl/lib/python3.7/site-packages/selenium/webdriver/remote/errorhandler.py", line 242, in check_response
    raise exception_class(message, screen, stacktrace)
selenium.common.exceptions.NoSuchElementException: Message: no such element: Unable to locate element: {"method":"xpath","selector":"//div[@class="attractions-attraction-detail-about-card-AttractionDetailAboutCard__section--1_Efg"]"}
  (Session info: chrome=79.0.3945.130)


60, ION Orchard, Family, page: None, None, 2020-01-30 16:33:40.545791
Traceback (most recent call last):
  File "/home/ds/git/STB_social_media_analytics/tripadvisor/tripadvisor_crawler.py", line 165, in crawl_poi_by_trip_type
    '//div[@data-tracker="{}"]'.format(self.current_trip_type))
  File "/home/ds/anaconda3/envs/crawl/lib/python3.7/site-packages/selenium/webdriver/remote/webdriver.py", line 394, in find_element_by_xpath
    return self.find_element(by=By.XPATH, value=xpath)
  File "/home/ds/anaconda3/envs/crawl/lib/python3.7/site-packages/selenium/webdriver/remote/webdriver.py", line 978, in find_element
    'value': value})['value']
  File "/home/ds/anaconda3/envs/crawl/lib/python3.7/site-packages/selenium/webdriver/remote/webdriver.py", line 321, in execute
    self.error_handler.check_response(response)
  File "/home/ds/anaconda3/envs/crawl/lib/python3.7/site-packages/selenium/webdriver/remote/errorhandler.py", line 242, in check_response
    raise exception_class(message, screen, stacktrace)
selenium.common.exceptions.NoSuchElementException: Message: no such element: Unable to locate element: {"method":"xpath","selector":"//div[@data-tracker="Family"]"}
  (Session info: chrome=79.0.3945.130)


60, ION Orchard, Family, page: None, None, 2020-01-30 16:33:53.660077
Traceback (most recent call last):
  File "/home/ds/git/STB_social_media_analytics/tripadvisor/tripadvisor_crawler.py", line 165, in crawl_poi_by_trip_type
    '//div[@data-tracker="{}"]'.format(self.current_trip_type))
  File "/home/ds/anaconda3/envs/crawl/lib/python3.7/site-packages/selenium/webdriver/remote/webdriver.py", line 394, in find_element_by_xpath
    return self.find_element(by=By.XPATH, value=xpath)
  File "/home/ds/anaconda3/envs/crawl/lib/python3.7/site-packages/selenium/webdriver/remote/webdriver.py", line 978, in find_element
    'value': value})['value']
  File "/home/ds/anaconda3/envs/crawl/lib/python3.7/site-packages/selenium/webdriver/remote/webdriver.py", line 321, in execute
    self.error_handler.check_response(response)
  File "/home/ds/anaconda3/envs/crawl/lib/python3.7/site-packages/selenium/webdriver/remote/errorhandler.py", line 242, in check_response
    raise exception_class(message, screen, stacktrace)
selenium.common.exceptions.NoSuchElementException: Message: no such element: Unable to locate element: {"method":"xpath","selector":"//div[@data-tracker="Family"]"}
  (Session info: chrome=79.0.3945.130)


60, ION Orchard, Family, page: None, None, 2020-01-30 16:34:06.843727
Traceback (most recent call last):
  File "/home/ds/git/STB_social_media_analytics/tripadvisor/tripadvisor_crawler.py", line 165, in crawl_poi_by_trip_type
    '//div[@data-tracker="{}"]'.format(self.current_trip_type))
  File "/home/ds/anaconda3/envs/crawl/lib/python3.7/site-packages/selenium/webdriver/remote/webdriver.py", line 394, in find_element_by_xpath
    return self.find_element(by=By.XPATH, value=xpath)
  File "/home/ds/anaconda3/envs/crawl/lib/python3.7/site-packages/selenium/webdriver/remote/webdriver.py", line 978, in find_element
    'value': value})['value']
  File "/home/ds/anaconda3/envs/crawl/lib/python3.7/site-packages/selenium/webdriver/remote/webdriver.py", line 321, in execute
    self.error_handler.check_response(response)
  File "/home/ds/anaconda3/envs/crawl/lib/python3.7/site-packages/selenium/webdriver/remote/errorhandler.py", line 242, in check_response
    raise exception_class(message, screen, stacktrace)
selenium.common.exceptions.NoSuchElementException: Message: no such element: Unable to locate element: {"method":"xpath","selector":"//div[@data-tracker="Family"]"}
  (Session info: chrome=79.0.3945.130)


60, ION Orchard, Family, page: None, None, 2020-01-30 16:34:25.091152
Traceback (most recent call last):
  File "/home/ds/git/STB_social_media_analytics/tripadvisor/tripadvisor_crawler.py", line 173, in crawl_poi_by_trip_type
    self.crawl_attributes()
  File "/home/ds/git/STB_social_media_analytics/tripadvisor/tripadvisor_crawler.py", line 253, in crawl_attributes
    '//div[@class="attractions-attraction-detail-about-card-AttractionDetailAboutCard__section--1_Efg"]')\
  File "/home/ds/anaconda3/envs/crawl/lib/python3.7/site-packages/selenium/webdriver/remote/webdriver.py", line 394, in find_element_by_xpath
    return self.find_element(by=By.XPATH, value=xpath)
  File "/home/ds/anaconda3/envs/crawl/lib/python3.7/site-packages/selenium/webdriver/remote/webdriver.py", line 978, in find_element
    'value': value})['value']
  File "/home/ds/anaconda3/envs/crawl/lib/python3.7/site-packages/selenium/webdriver/remote/webdriver.py", line 321, in execute
    self.error_handler.check_response(response)
  File "/home/ds/anaconda3/envs/crawl/lib/python3.7/site-packages/selenium/webdriver/remote/errorhandler.py", line 242, in check_response
    raise exception_class(message, screen, stacktrace)
selenium.common.exceptions.NoSuchElementException: Message: no such element: Unable to locate element: {"method":"xpath","selector":"//div[@class="attractions-attraction-detail-about-card-AttractionDetailAboutCard__section--1_Efg"]"}
  (Session info: chrome=79.0.3945.130)


60, ION Orchard, Family, page: None, None, 2020-01-30 16:34:39.803128
Traceback (most recent call last):
  File "/home/ds/git/STB_social_media_analytics/tripadvisor/tripadvisor_crawler.py", line 165, in crawl_poi_by_trip_type
    '//div[@data-tracker="{}"]'.format(self.current_trip_type))
  File "/home/ds/anaconda3/envs/crawl/lib/python3.7/site-packages/selenium/webdriver/remote/webdriver.py", line 394, in find_element_by_xpath
    return self.find_element(by=By.XPATH, value=xpath)
  File "/home/ds/anaconda3/envs/crawl/lib/python3.7/site-packages/selenium/webdriver/remote/webdriver.py", line 978, in find_element
    'value': value})['value']
  File "/home/ds/anaconda3/envs/crawl/lib/python3.7/site-packages/selenium/webdriver/remote/webdriver.py", line 321, in execute
    self.error_handler.check_response(response)
  File "/home/ds/anaconda3/envs/crawl/lib/python3.7/site-packages/selenium/webdriver/remote/errorhandler.py", line 242, in check_response
    raise exception_class(message, screen, stacktrace)
selenium.common.exceptions.NoSuchElementException: Message: no such element: Unable to locate element: {"method":"xpath","selector":"//div[@data-tracker="Family"]"}
  (Session info: chrome=79.0.3945.130)


60, ION Orchard, Family, page: None, None, 2020-01-30 16:34:58.324262
Traceback (most recent call last):
  File "/home/ds/git/STB_social_media_analytics/tripadvisor/tripadvisor_crawler.py", line 173, in crawl_poi_by_trip_type
    self.crawl_attributes()
  File "/home/ds/git/STB_social_media_analytics/tripadvisor/tripadvisor_crawler.py", line 253, in crawl_attributes
    '//div[@class="attractions-attraction-detail-about-card-AttractionDetailAboutCard__section--1_Efg"]')\
  File "/home/ds/anaconda3/envs/crawl/lib/python3.7/site-packages/selenium/webdriver/remote/webdriver.py", line 394, in find_element_by_xpath
    return self.find_element(by=By.XPATH, value=xpath)
  File "/home/ds/anaconda3/envs/crawl/lib/python3.7/site-packages/selenium/webdriver/remote/webdriver.py", line 978, in find_element
    'value': value})['value']
  File "/home/ds/anaconda3/envs/crawl/lib/python3.7/site-packages/selenium/webdriver/remote/webdriver.py", line 321, in execute
    self.error_handler.check_response(response)
  File "/home/ds/anaconda3/envs/crawl/lib/python3.7/site-packages/selenium/webdriver/remote/errorhandler.py", line 242, in check_response
    raise exception_class(message, screen, stacktrace)
selenium.common.exceptions.NoSuchElementException: Message: no such element: Unable to locate element: {"method":"xpath","selector":"//div[@class="attractions-attraction-detail-about-card-AttractionDetailAboutCard__section--1_Efg"]"}
  (Session info: chrome=79.0.3945.130)


60, ION Orchard, Family, page: None, None, 2020-01-30 16:35:17.053092
Traceback (most recent call last):
  File "/home/ds/git/STB_social_media_analytics/tripadvisor/tripadvisor_crawler.py", line 173, in crawl_poi_by_trip_type
    self.crawl_attributes()
  File "/home/ds/git/STB_social_media_analytics/tripadvisor/tripadvisor_crawler.py", line 253, in crawl_attributes
    '//div[@class="attractions-attraction-detail-about-card-AttractionDetailAboutCard__section--1_Efg"]')\
  File "/home/ds/anaconda3/envs/crawl/lib/python3.7/site-packages/selenium/webdriver/remote/webdriver.py", line 394, in find_element_by_xpath
    return self.find_element(by=By.XPATH, value=xpath)
  File "/home/ds/anaconda3/envs/crawl/lib/python3.7/site-packages/selenium/webdriver/remote/webdriver.py", line 978, in find_element
    'value': value})['value']
  File "/home/ds/anaconda3/envs/crawl/lib/python3.7/site-packages/selenium/webdriver/remote/webdriver.py", line 321, in execute
    self.error_handler.check_response(response)
  File "/home/ds/anaconda3/envs/crawl/lib/python3.7/site-packages/selenium/webdriver/remote/errorhandler.py", line 242, in check_response
    raise exception_class(message, screen, stacktrace)
selenium.common.exceptions.NoSuchElementException: Message: no such element: Unable to locate element: {"method":"xpath","selector":"//div[@class="attractions-attraction-detail-about-card-AttractionDetailAboutCard__section--1_Efg"]"}
  (Session info: chrome=79.0.3945.130)


60, ION Orchard, Family, page: None, None, 2020-01-30 16:35:30.726268
Traceback (most recent call last):
  File "/home/ds/git/STB_social_media_analytics/tripadvisor/tripadvisor_crawler.py", line 165, in crawl_poi_by_trip_type
    '//div[@data-tracker="{}"]'.format(self.current_trip_type))
  File "/home/ds/anaconda3/envs/crawl/lib/python3.7/site-packages/selenium/webdriver/remote/webdriver.py", line 394, in find_element_by_xpath
    return self.find_element(by=By.XPATH, value=xpath)
  File "/home/ds/anaconda3/envs/crawl/lib/python3.7/site-packages/selenium/webdriver/remote/webdriver.py", line 978, in find_element
    'value': value})['value']
  File "/home/ds/anaconda3/envs/crawl/lib/python3.7/site-packages/selenium/webdriver/remote/webdriver.py", line 321, in execute
    self.error_handler.check_response(response)
  File "/home/ds/anaconda3/envs/crawl/lib/python3.7/site-packages/selenium/webdriver/remote/errorhandler.py", line 242, in check_response
    raise exception_class(message, screen, stacktrace)
selenium.common.exceptions.NoSuchElementException: Message: no such element: Unable to locate element: {"method":"xpath","selector":"//div[@data-tracker="Family"]"}
  (Session info: chrome=79.0.3945.130)


60, ION Orchard, Family, page: None, None, 2020-01-30 16:35:45.001923
Traceback (most recent call last):
  File "/home/ds/git/STB_social_media_analytics/tripadvisor/tripadvisor_crawler.py", line 165, in crawl_poi_by_trip_type
    '//div[@data-tracker="{}"]'.format(self.current_trip_type))
  File "/home/ds/anaconda3/envs/crawl/lib/python3.7/site-packages/selenium/webdriver/remote/webdriver.py", line 394, in find_element_by_xpath
    return self.find_element(by=By.XPATH, value=xpath)
  File "/home/ds/anaconda3/envs/crawl/lib/python3.7/site-packages/selenium/webdriver/remote/webdriver.py", line 978, in find_element
    'value': value})['value']
  File "/home/ds/anaconda3/envs/crawl/lib/python3.7/site-packages/selenium/webdriver/remote/webdriver.py", line 321, in execute
    self.error_handler.check_response(response)
  File "/home/ds/anaconda3/envs/crawl/lib/python3.7/site-packages/selenium/webdriver/remote/errorhandler.py", line 242, in check_response
    raise exception_class(message, screen, stacktrace)
selenium.common.exceptions.NoSuchElementException: Message: no such element: Unable to locate element: {"method":"xpath","selector":"//div[@data-tracker="Family"]"}
  (Session info: chrome=79.0.3945.130)


60, ION Orchard, Family, page: None, None, 2020-01-30 16:36:03.860370
Traceback (most recent call last):
  File "/home/ds/git/STB_social_media_analytics/tripadvisor/tripadvisor_crawler.py", line 173, in crawl_poi_by_trip_type
    self.crawl_attributes()
  File "/home/ds/git/STB_social_media_analytics/tripadvisor/tripadvisor_crawler.py", line 253, in crawl_attributes
    '//div[@class="attractions-attraction-detail-about-card-AttractionDetailAboutCard__section--1_Efg"]')\
  File "/home/ds/anaconda3/envs/crawl/lib/python3.7/site-packages/selenium/webdriver/remote/webdriver.py", line 394, in find_element_by_xpath
    return self.find_element(by=By.XPATH, value=xpath)
  File "/home/ds/anaconda3/envs/crawl/lib/python3.7/site-packages/selenium/webdriver/remote/webdriver.py", line 978, in find_element
    'value': value})['value']
  File "/home/ds/anaconda3/envs/crawl/lib/python3.7/site-packages/selenium/webdriver/remote/webdriver.py", line 321, in execute
    self.error_handler.check_response(response)
  File "/home/ds/anaconda3/envs/crawl/lib/python3.7/site-packages/selenium/webdriver/remote/errorhandler.py", line 242, in check_response
    raise exception_class(message, screen, stacktrace)
selenium.common.exceptions.NoSuchElementException: Message: no such element: Unable to locate element: {"method":"xpath","selector":"//div[@class="attractions-attraction-detail-about-card-AttractionDetailAboutCard__section--1_Efg"]"}
  (Session info: chrome=79.0.3945.130)


60, ION Orchard, Family, page: None, None, 2020-01-30 16:36:22.358147
Traceback (most recent call last):
  File "/home/ds/git/STB_social_media_analytics/tripadvisor/tripadvisor_crawler.py", line 173, in crawl_poi_by_trip_type
    self.crawl_attributes()
  File "/home/ds/git/STB_social_media_analytics/tripadvisor/tripadvisor_crawler.py", line 253, in crawl_attributes
    '//div[@class="attractions-attraction-detail-about-card-AttractionDetailAboutCard__section--1_Efg"]')\
  File "/home/ds/anaconda3/envs/crawl/lib/python3.7/site-packages/selenium/webdriver/remote/webdriver.py", line 394, in find_element_by_xpath
    return self.find_element(by=By.XPATH, value=xpath)
  File "/home/ds/anaconda3/envs/crawl/lib/python3.7/site-packages/selenium/webdriver/remote/webdriver.py", line 978, in find_element
    'value': value})['value']
  File "/home/ds/anaconda3/envs/crawl/lib/python3.7/site-packages/selenium/webdriver/remote/webdriver.py", line 321, in execute
    self.error_handler.check_response(response)
  File "/home/ds/anaconda3/envs/crawl/lib/python3.7/site-packages/selenium/webdriver/remote/errorhandler.py", line 242, in check_response
    raise exception_class(message, screen, stacktrace)
selenium.common.exceptions.NoSuchElementException: Message: no such element: Unable to locate element: {"method":"xpath","selector":"//div[@class="attractions-attraction-detail-about-card-AttractionDetailAboutCard__section--1_Efg"]"}
  (Session info: chrome=79.0.3945.130)


60, ION Orchard, Family, page: None, None, 2020-01-30 16:36:35.623418
Traceback (most recent call last):
  File "/home/ds/git/STB_social_media_analytics/tripadvisor/tripadvisor_crawler.py", line 165, in crawl_poi_by_trip_type
    '//div[@data-tracker="{}"]'.format(self.current_trip_type))
  File "/home/ds/anaconda3/envs/crawl/lib/python3.7/site-packages/selenium/webdriver/remote/webdriver.py", line 394, in find_element_by_xpath
    return self.find_element(by=By.XPATH, value=xpath)
  File "/home/ds/anaconda3/envs/crawl/lib/python3.7/site-packages/selenium/webdriver/remote/webdriver.py", line 978, in find_element
    'value': value})['value']
  File "/home/ds/anaconda3/envs/crawl/lib/python3.7/site-packages/selenium/webdriver/remote/webdriver.py", line 321, in execute
    self.error_handler.check_response(response)
  File "/home/ds/anaconda3/envs/crawl/lib/python3.7/site-packages/selenium/webdriver/remote/errorhandler.py", line 242, in check_response
    raise exception_class(message, screen, stacktrace)
selenium.common.exceptions.NoSuchElementException: Message: no such element: Unable to locate element: {"method":"xpath","selector":"//div[@data-tracker="Family"]"}
  (Session info: chrome=79.0.3945.130)


60, ION Orchard, Family, page: None, None, 2020-01-30 16:36:40.396624
Traceback (most recent call last):
  File "/home/ds/git/STB_social_media_analytics/tripadvisor/tripadvisor_crawler.py", line 159, in crawl_poi_by_trip_type
    self.driver.get(self.current_poi_url)
  File "/home/ds/anaconda3/envs/crawl/lib/python3.7/site-packages/selenium/webdriver/remote/webdriver.py", line 333, in get
    self.execute(Command.GET, {'url': url})
  File "/home/ds/anaconda3/envs/crawl/lib/python3.7/site-packages/selenium/webdriver/remote/webdriver.py", line 319, in execute
    response = self.command_executor.execute(driver_command, params)
  File "/home/ds/anaconda3/envs/crawl/lib/python3.7/site-packages/selenium/webdriver/remote/remote_connection.py", line 374, in execute
    return self._request(command_info[0], url, body=data)
  File "/home/ds/anaconda3/envs/crawl/lib/python3.7/site-packages/selenium/webdriver/remote/remote_connection.py", line 397, in _request
    resp = self._conn.request(method, url, body=body, headers=headers)
  File "/home/ds/anaconda3/envs/crawl/lib/python3.7/site-packages/urllib3/request.py", line 80, in request
    method, url, fields=fields, headers=headers, **urlopen_kw
  File "/home/ds/anaconda3/envs/crawl/lib/python3.7/site-packages/urllib3/request.py", line 171, in request_encode_body
    return self.urlopen(method, url, **extra_kw)
  File "/home/ds/anaconda3/envs/crawl/lib/python3.7/site-packages/urllib3/poolmanager.py", line 330, in urlopen
    response = conn.urlopen(method, u.request_uri, **kw)
  File "/home/ds/anaconda3/envs/crawl/lib/python3.7/site-packages/urllib3/connectionpool.py", line 672, in urlopen
    chunked=chunked,
  File "/home/ds/anaconda3/envs/crawl/lib/python3.7/site-packages/urllib3/connectionpool.py", line 421, in _make_request
    six.raise_from(e, None)
  File "<string>", line 3, in raise_from
  File "/home/ds/anaconda3/envs/crawl/lib/python3.7/site-packages/urllib3/connectionpool.py", line 416, in _make_request
    httplib_response = conn.getresponse()
  File "/home/ds/anaconda3/envs/crawl/lib/python3.7/http/client.py", line 1344, in getresponse
    response.begin()
  File "/home/ds/anaconda3/envs/crawl/lib/python3.7/http/client.py", line 306, in begin
    version, status, reason = self._read_status()
  File "/home/ds/anaconda3/envs/crawl/lib/python3.7/http/client.py", line 267, in _read_status
    line = str(self.fp.readline(_MAXLINE + 1), "iso-8859-1")
  File "/home/ds/anaconda3/envs/crawl/lib/python3.7/socket.py", line 589, in readinto
    return self._sock.recv_into(b)
KeyboardInterrupt

