1, Gardens by the Bay, page: None, None, 2020-01-22 09:22:31.349410
Traceback (most recent call last):
  File "/home/zyf0717/git_environment/STB_social_media_analytics/tripadvisor/crawl_TripA_POI_attributes_reviews.py", line 90, in crawl_pois
    self.crawl_attributes(row['poi_index'])
  File "/home/zyf0717/git_environment/STB_social_media_analytics/tripadvisor/crawl_TripA_POI_attributes_reviews.py", line 152, in crawl_attributes
    ranking_text = driver.find_element_by_xpath('//span[@class="header_popularity popIndexValidation "]').text
  File "/home/zyf0717/anaconda3/envs/crawl/lib/python3.7/site-packages/selenium/webdriver/remote/webdriver.py", line 394, in find_element_by_xpath
    return self.find_element(by=By.XPATH, value=xpath)
  File "/home/zyf0717/anaconda3/envs/crawl/lib/python3.7/site-packages/selenium/webdriver/remote/webdriver.py", line 978, in find_element
    'value': value})['value']
  File "/home/zyf0717/anaconda3/envs/crawl/lib/python3.7/site-packages/selenium/webdriver/remote/webdriver.py", line 321, in execute
    self.error_handler.check_response(response)
  File "/home/zyf0717/anaconda3/envs/crawl/lib/python3.7/site-packages/selenium/webdriver/remote/errorhandler.py", line 242, in check_response
    raise exception_class(message, screen, stacktrace)
selenium.common.exceptions.NoSuchElementException: Message: no such element: Unable to locate element: {"method":"xpath","selector":"//span[@class="header_popularity popIndexValidation "]"}
  (Session info: chrome=79.0.3945.130)


24, National Gallery Singapore, page: None, None, 2020-01-22 09:22:36.092186
Traceback (most recent call last):
  File "/home/zyf0717/git_environment/STB_social_media_analytics/tripadvisor/crawl_TripA_POI_attributes_reviews.py", line 90, in crawl_pois
    self.crawl_attributes(row['poi_index'])
  File "/home/zyf0717/git_environment/STB_social_media_analytics/tripadvisor/crawl_TripA_POI_attributes_reviews.py", line 152, in crawl_attributes
    ranking_text = driver.find_element_by_xpath('//span[@class="header_popularity popIndexValidation "]').text
  File "/home/zyf0717/anaconda3/envs/crawl/lib/python3.7/site-packages/selenium/webdriver/remote/webdriver.py", line 394, in find_element_by_xpath
    return self.find_element(by=By.XPATH, value=xpath)
  File "/home/zyf0717/anaconda3/envs/crawl/lib/python3.7/site-packages/selenium/webdriver/remote/webdriver.py", line 978, in find_element
    'value': value})['value']
  File "/home/zyf0717/anaconda3/envs/crawl/lib/python3.7/site-packages/selenium/webdriver/remote/webdriver.py", line 321, in execute
    self.error_handler.check_response(response)
  File "/home/zyf0717/anaconda3/envs/crawl/lib/python3.7/site-packages/selenium/webdriver/remote/errorhandler.py", line 242, in check_response
    raise exception_class(message, screen, stacktrace)
selenium.common.exceptions.NoSuchElementException: Message: no such element: Unable to locate element: {"method":"xpath","selector":"//span[@class="header_popularity popIndexValidation "]"}
  (Session info: chrome=79.0.3945.130)


242, West Coast Plaza, page: None, None, 2020-01-22 09:22:39.663019
Traceback (most recent call last):
  File "/home/zyf0717/git_environment/STB_social_media_analytics/tripadvisor/crawl_TripA_POI_attributes_reviews.py", line 90, in crawl_pois
    self.crawl_attributes(row['poi_index'])
  File "/home/zyf0717/git_environment/STB_social_media_analytics/tripadvisor/crawl_TripA_POI_attributes_reviews.py", line 152, in crawl_attributes
    ranking_text = driver.find_element_by_xpath('//span[@class="header_popularity popIndexValidation "]').text
  File "/home/zyf0717/anaconda3/envs/crawl/lib/python3.7/site-packages/selenium/webdriver/remote/webdriver.py", line 394, in find_element_by_xpath
    return self.find_element(by=By.XPATH, value=xpath)
  File "/home/zyf0717/anaconda3/envs/crawl/lib/python3.7/site-packages/selenium/webdriver/remote/webdriver.py", line 978, in find_element
    'value': value})['value']
  File "/home/zyf0717/anaconda3/envs/crawl/lib/python3.7/site-packages/selenium/webdriver/remote/webdriver.py", line 321, in execute
    self.error_handler.check_response(response)
  File "/home/zyf0717/anaconda3/envs/crawl/lib/python3.7/site-packages/selenium/webdriver/remote/errorhandler.py", line 242, in check_response
    raise exception_class(message, screen, stacktrace)
selenium.common.exceptions.NoSuchElementException: Message: no such element: Unable to locate element: {"method":"xpath","selector":"//span[@class="header_popularity popIndexValidation "]"}
  (Session info: chrome=79.0.3945.130)


660, NTU Centre for Contemporary Art, page: None, None, 2020-01-22 09:22:44.287428
Traceback (most recent call last):
  File "/home/zyf0717/git_environment/STB_social_media_analytics/tripadvisor/crawl_TripA_POI_attributes_reviews.py", line 90, in crawl_pois
    self.crawl_attributes(row['poi_index'])
  File "/home/zyf0717/git_environment/STB_social_media_analytics/tripadvisor/crawl_TripA_POI_attributes_reviews.py", line 152, in crawl_attributes
    ranking_text = driver.find_element_by_xpath('//span[@class="header_popularity popIndexValidation "]').text
  File "/home/zyf0717/anaconda3/envs/crawl/lib/python3.7/site-packages/selenium/webdriver/remote/webdriver.py", line 394, in find_element_by_xpath
    return self.find_element(by=By.XPATH, value=xpath)
  File "/home/zyf0717/anaconda3/envs/crawl/lib/python3.7/site-packages/selenium/webdriver/remote/webdriver.py", line 978, in find_element
    'value': value})['value']
  File "/home/zyf0717/anaconda3/envs/crawl/lib/python3.7/site-packages/selenium/webdriver/remote/webdriver.py", line 321, in execute
    self.error_handler.check_response(response)
  File "/home/zyf0717/anaconda3/envs/crawl/lib/python3.7/site-packages/selenium/webdriver/remote/errorhandler.py", line 242, in check_response
    raise exception_class(message, screen, stacktrace)
selenium.common.exceptions.NoSuchElementException: Message: no such element: Unable to locate element: {"method":"xpath","selector":"//span[@class="header_popularity popIndexValidation "]"}
  (Session info: chrome=79.0.3945.130)


